2026-02-11 15:21:29,492 [INFO] Starting Hyperparameter Optimization (Multivariate TPE)...
2026-02-11 15:21:29,495 [INFO] Found 6 sequences for validation: ['MOT17-02-DPM', 'MOT17-02-FRCNN', 'MOT17-02-SDP', 'MOT17-13-DPM', 'MOT17-13-FRCNN', 'MOT17-13-SDP']
2026-02-11 15:39:22,478 [INFO] partials: 0.877 seconds.
2026-02-11 15:39:22,487 [INFO] mergeOverall: 0.887 seconds.
2026-02-11 15:39:22,489 [INFO] Trial 0: Score=0.3827 | MOTA=0.3022 | IDF1=0.4632 | IDsw=552.0 | Params={'CONFIDENCE_THRESHOLD': 0.4411271055346823, 'CONFIDENCE_LOW': 0.02669082987900393, 'IOU_THRESHOLD': 0.3290797781095036, 'MAX_AGE': 65, 'MIN_HITS': 3, 'INERTIA': 0.1567890127229975, 'DELTA_T': 2, 'MAX_GAP': 11}
2026-02-11 15:56:00,655 [INFO] partials: 0.799 seconds.
2026-02-11 15:56:00,759 [INFO] mergeOverall: 0.903 seconds.
2026-02-11 15:56:00,768 [INFO] Trial 1: Score=0.4550 | MOTA=0.3940 | IDF1=0.5159 | IDsw=348.0 | Params={'CONFIDENCE_THRESHOLD': 0.5055365145037146, 'CONFIDENCE_LOW': 0.1910993024265544, 'IOU_THRESHOLD': 0.3355234965034455, 'MAX_AGE': 29, 'MIN_HITS': 2, 'INERTIA': 0.298759595454015, 'DELTA_T': 4, 'MAX_GAP': 42}
2026-02-11 16:13:00,720 [INFO] partials: 0.584 seconds.
2026-02-11 16:13:00,732 [INFO] mergeOverall: 0.596 seconds.
2026-02-11 16:13:00,735 [INFO] Trial 2: Score=0.3867 | MOTA=0.3046 | IDF1=0.4689 | IDsw=552.0 | Params={'CONFIDENCE_THRESHOLD': 0.4560591467576452, 'CONFIDENCE_LOW': 0.05201067537298606, 'IOU_THRESHOLD': 0.10235663809260341, 'MAX_AGE': 15, 'MIN_HITS': 4, 'INERTIA': 0.38510138489984835, 'DELTA_T': 2, 'MAX_GAP': 28}
2026-02-11 16:29:26,429 [INFO] partials: 0.774 seconds.
2026-02-11 16:29:26,443 [INFO] mergeOverall: 0.788 seconds.
2026-02-11 16:29:26,448 [INFO] Trial 3: Score=0.4206 | MOTA=0.3649 | IDF1=0.4764 | IDsw=321.0 | Params={'CONFIDENCE_THRESHOLD': 0.552596579164963, 'CONFIDENCE_LOW': 0.11333193803935922, 'IOU_THRESHOLD': 0.36423654206289346, 'MAX_AGE': 108, 'MIN_HITS': 5, 'INERTIA': 0.44784433319138095, 'DELTA_T': 3, 'MAX_GAP': 7}
2026-02-11 16:46:28,774 [INFO] partials: 0.677 seconds.
2026-02-11 16:46:28,783 [INFO] mergeOverall: 0.685 seconds.
2026-02-11 16:46:28,785 [INFO] Trial 4: Score=0.4597 | MOTA=0.3903 | IDF1=0.5291 | IDsw=351.0 | Params={'CONFIDENCE_THRESHOLD': 0.4554306730263638, 'CONFIDENCE_LOW': 0.16084089110857336, 'IOU_THRESHOLD': 0.1508626343486993, 'MAX_AGE': 19, 'MIN_HITS': 5, 'INERTIA': 0.22781415464620838, 'DELTA_T': 4, 'MAX_GAP': 31}
2026-02-11 17:02:59,447 [INFO] partials: 0.580 seconds.
2026-02-11 17:02:59,458 [INFO] mergeOverall: 0.592 seconds.
2026-02-11 17:02:59,461 [INFO] Trial 5: Score=0.4353 | MOTA=0.3786 | IDF1=0.4921 | IDsw=273.0 | Params={'CONFIDENCE_THRESHOLD': 0.5398727448831253, 'CONFIDENCE_LOW': 0.1464252015246397, 'IOU_THRESHOLD': 0.257900490732739, 'MAX_AGE': 65, 'MIN_HITS': 4, 'INERTIA': 0.3043834646766768, 'DELTA_T': 2, 'MAX_GAP': 9}
2026-02-11 17:19:54,169 [INFO] partials: 0.804 seconds.
2026-02-11 17:19:54,183 [INFO] mergeOverall: 0.819 seconds.
2026-02-11 17:19:54,187 [INFO] Trial 6: Score=0.3550 | MOTA=0.2669 | IDF1=0.4430 | IDsw=522.0 | Params={'CONFIDENCE_THRESHOLD': 0.5055725059025915, 'CONFIDENCE_LOW': 0.03895192906878096, 'IOU_THRESHOLD': 0.1376037881237284, 'MAX_AGE': 18, 'MIN_HITS': 4, 'INERTIA': 0.41793375978176783, 'DELTA_T': 4, 'MAX_GAP': 55}
2026-02-11 17:37:15,414 [INFO] partials: 0.821 seconds.
2026-02-11 17:37:15,425 [INFO] mergeOverall: 0.832 seconds.
2026-02-11 17:37:15,434 [INFO] Trial 7: Score=0.4439 | MOTA=0.3870 | IDF1=0.5008 | IDsw=465.0 | Params={'CONFIDENCE_THRESHOLD': 0.3396960290788683, 'CONFIDENCE_LOW': 0.19211037970423586, 'IOU_THRESHOLD': 0.48075513115385793, 'MAX_AGE': 68, 'MIN_HITS': 4, 'INERTIA': 0.29677305072263566, 'DELTA_T': 3, 'MAX_GAP': 19}
2026-02-11 17:53:54,587 [INFO] partials: 0.750 seconds.
2026-02-11 17:53:54,624 [INFO] mergeOverall: 0.787 seconds.
2026-02-11 17:53:54,627 [INFO] Trial 8: Score=0.4273 | MOTA=0.3659 | IDF1=0.4887 | IDsw=297.0 | Params={'CONFIDENCE_THRESHOLD': 0.6484243003579673, 'CONFIDENCE_LOW': 0.08447685301252712, 'IOU_THRESHOLD': 0.40747987563763977, 'MAX_AGE': 63, 'MIN_HITS': 1, 'INERTIA': 0.4442815926917465, 'DELTA_T': 3, 'MAX_GAP': 39}
2026-02-11 18:10:32,276 [INFO] partials: 0.673 seconds.
2026-02-11 18:10:32,376 [INFO] mergeOverall: 0.772 seconds.
2026-02-11 18:10:32,378 [INFO] Trial 9: Score=0.3188 | MOTA=0.1904 | IDF1=0.4472 | IDsw=612.0 | Params={'CONFIDENCE_THRESHOLD': 0.4335518608931648, 'CONFIDENCE_LOW': 0.03042312614436901, 'IOU_THRESHOLD': 0.35224322007915465, 'MAX_AGE': 80, 'MIN_HITS': 1, 'INERTIA': 0.18551884643230288, 'DELTA_T': 1, 'MAX_GAP': 52}
2026-02-11 18:26:36,108 [INFO] partials: 0.754 seconds.
2026-02-11 18:26:36,190 [INFO] mergeOverall: 0.836 seconds.
2026-02-11 18:26:36,192 [INFO] Trial 10: Score=0.4453 | MOTA=0.3819 | IDF1=0.5086 | IDsw=213.0 | Params={'CONFIDENCE_THRESHOLD': 0.6449247699708034, 'CONFIDENCE_LOW': 0.1748044408775724, 'IOU_THRESHOLD': 0.21261858505759304, 'MAX_AGE': 36, 'MIN_HITS': 5, 'INERTIA': 0.33868747973785057, 'DELTA_T': 5, 'MAX_GAP': 48}
2026-02-11 18:42:46,322 [INFO] partials: 0.655 seconds.
2026-02-11 18:42:46,330 [INFO] mergeOverall: 0.663 seconds.
2026-02-11 18:42:46,334 [INFO] Trial 11: Score=0.4556 | MOTA=0.3868 | IDF1=0.5243 | IDsw=285.0 | Params={'CONFIDENCE_THRESHOLD': 0.44731054635999945, 'CONFIDENCE_LOW': 0.18897133556134516, 'IOU_THRESHOLD': 0.1670672507998491, 'MAX_AGE': 68, 'MIN_HITS': 5, 'INERTIA': 0.1875999327407495, 'DELTA_T': 4, 'MAX_GAP': 38}
2026-02-11 18:59:28,516 [INFO] partials: 0.800 seconds.
2026-02-11 18:59:28,521 [INFO] mergeOverall: 0.805 seconds.
2026-02-11 18:59:28,524 [INFO] Trial 12: Score=0.4493 | MOTA=0.3916 | IDF1=0.5071 | IDsw=447.0 | Params={'CONFIDENCE_THRESHOLD': 0.34435002602426623, 'CONFIDENCE_LOW': 0.15718184485042547, 'IOU_THRESHOLD': 0.16632572072927038, 'MAX_AGE': 15, 'MIN_HITS': 5, 'INERTIA': 0.17565325833497922, 'DELTA_T': 3, 'MAX_GAP': 30}
2026-02-11 19:15:07,885 [INFO] partials: 0.406 seconds.
2026-02-11 19:15:07,891 [INFO] mergeOverall: 0.412 seconds.
2026-02-11 19:15:07,893 [INFO] Trial 13: Score=0.4527 | MOTA=0.3861 | IDF1=0.5192 | IDsw=264.0 | Params={'CONFIDENCE_THRESHOLD': 0.5256323443816749, 'CONFIDENCE_LOW': 0.1893771542925227, 'IOU_THRESHOLD': 0.2428594222863386, 'MAX_AGE': 78, 'MIN_HITS': 5, 'INERTIA': 0.13469822556942607, 'DELTA_T': 4, 'MAX_GAP': 48}
2026-02-11 19:29:55,020 [INFO] partials: 0.588 seconds.
2026-02-11 19:29:55,025 [INFO] mergeOverall: 0.593 seconds.
2026-02-11 19:29:55,027 [INFO] Trial 14: Score=0.4345 | MOTA=0.3735 | IDF1=0.4955 | IDsw=411.0 | Params={'CONFIDENCE_THRESHOLD': 0.43961188412611935, 'CONFIDENCE_LOW': 0.13977783559219897, 'IOU_THRESHOLD': 0.17281722241758493, 'MAX_AGE': 58, 'MIN_HITS': 4, 'INERTIA': 0.2497910896994411, 'DELTA_T': 4, 'MAX_GAP': 43}
2026-02-11 19:44:33,238 [INFO] partials: 0.494 seconds.
2026-02-11 19:44:33,244 [INFO] mergeOverall: 0.499 seconds.
2026-02-11 19:44:33,246 [INFO] Trial 15: Score=0.4635 | MOTA=0.3924 | IDF1=0.5346 | IDsw=282.0 | Params={'CONFIDENCE_THRESHOLD': 0.5175190683210538, 'CONFIDENCE_LOW': 0.1552685442361843, 'IOU_THRESHOLD': 0.23678376859462127, 'MAX_AGE': 26, 'MIN_HITS': 5, 'INERTIA': 0.18189917128649918, 'DELTA_T': 5, 'MAX_GAP': 27}
2026-02-11 19:59:38,677 [INFO] partials: 0.561 seconds.
2026-02-11 19:59:38,692 [INFO] mergeOverall: 0.575 seconds.
2026-02-11 19:59:38,696 [INFO] Trial 16: Score=0.4589 | MOTA=0.3891 | IDF1=0.5288 | IDsw=312.0 | Params={'CONFIDENCE_THRESHOLD': 0.4790047918904498, 'CONFIDENCE_LOW': 0.17727488154826682, 'IOU_THRESHOLD': 0.16640578757790866, 'MAX_AGE': 31, 'MIN_HITS': 3, 'INERTIA': 0.13929601189383622, 'DELTA_T': 5, 'MAX_GAP': 16}
2026-02-11 20:14:24,465 [INFO] partials: 0.639 seconds.
2026-02-11 20:14:24,471 [INFO] mergeOverall: 0.646 seconds.
2026-02-11 20:14:24,475 [INFO] Trial 17: Score=0.4464 | MOTA=0.3876 | IDF1=0.5052 | IDsw=279.0 | Params={'CONFIDENCE_THRESHOLD': 0.5740644443778585, 'CONFIDENCE_LOW': 0.11417272601676466, 'IOU_THRESHOLD': 0.1542142506096399, 'MAX_AGE': 38, 'MIN_HITS': 5, 'INERTIA': 0.16258382676774638, 'DELTA_T': 4, 'MAX_GAP': 32}
2026-02-11 20:28:20,987 [INFO] partials: 0.555 seconds.
2026-02-11 20:28:20,994 [INFO] mergeOverall: 0.562 seconds.
2026-02-11 20:28:20,996 [INFO] Trial 18: Score=0.4519 | MOTA=0.3890 | IDF1=0.5149 | IDsw=393.0 | Params={'CONFIDENCE_THRESHOLD': 0.4048211874827067, 'CONFIDENCE_LOW': 0.12590299833343632, 'IOU_THRESHOLD': 0.401140963628706, 'MAX_AGE': 19, 'MIN_HITS': 5, 'INERTIA': 0.2340494291617091, 'DELTA_T': 5, 'MAX_GAP': 20}
2026-02-11 20:42:42,989 [INFO] partials: 0.614 seconds.
2026-02-11 20:42:42,996 [INFO] mergeOverall: 0.621 seconds.
2026-02-11 20:42:42,999 [INFO] Trial 19: Score=0.4408 | MOTA=0.3737 | IDF1=0.5078 | IDsw=297.0 | Params={'CONFIDENCE_THRESHOLD': 0.5238471685827195, 'CONFIDENCE_LOW': 0.19400529280260503, 'IOU_THRESHOLD': 0.2966862899130675, 'MAX_AGE': 22, 'MIN_HITS': 5, 'INERTIA': 0.28506839083466556, 'DELTA_T': 4, 'MAX_GAP': 9}
2026-02-11 20:57:12,116 [INFO] partials: 0.733 seconds.
2026-02-11 20:57:12,124 [INFO] mergeOverall: 0.741 seconds.
2026-02-11 20:57:12,126 [INFO] Trial 20: Score=0.4148 | MOTA=0.3357 | IDF1=0.4938 | IDsw=546.0 | Params={'CONFIDENCE_THRESHOLD': 0.3355072270375212, 'CONFIDENCE_LOW': 0.09644579727802241, 'IOU_THRESHOLD': 0.1009583183011179, 'MAX_AGE': 35, 'MIN_HITS': 5, 'INERTIA': 0.2833131059423489, 'DELTA_T': 5, 'MAX_GAP': 22}
2026-02-11 21:12:01,326 [INFO] partials: 0.689 seconds.
2026-02-11 21:12:01,346 [INFO] mergeOverall: 0.709 seconds.
2026-02-11 21:12:01,354 [INFO] Trial 21: Score=0.4453 | MOTA=0.3812 | IDF1=0.5093 | IDsw=321.0 | Params={'CONFIDENCE_THRESHOLD': 0.4532065785602597, 'CONFIDENCE_LOW': 0.1801674684049096, 'IOU_THRESHOLD': 0.21515053767453074, 'MAX_AGE': 40, 'MIN_HITS': 2, 'INERTIA': 0.10484390398608404, 'DELTA_T': 4, 'MAX_GAP': 8}
2026-02-11 21:26:36,085 [INFO] partials: 0.730 seconds.
2026-02-11 21:26:36,091 [INFO] mergeOverall: 0.735 seconds.
2026-02-11 21:26:36,093 [INFO] Trial 22: Score=0.4379 | MOTA=0.3808 | IDF1=0.4950 | IDsw=273.0 | Params={'CONFIDENCE_THRESHOLD': 0.5777515454185571, 'CONFIDENCE_LOW': 0.162041855706222, 'IOU_THRESHOLD': 0.14836147965475588, 'MAX_AGE': 26, 'MIN_HITS': 4, 'INERTIA': 0.12449274499192917, 'DELTA_T': 5, 'MAX_GAP': 10}
2026-02-11 21:41:53,298 [INFO] partials: 0.697 seconds.
2026-02-11 21:41:53,304 [INFO] mergeOverall: 0.703 seconds.
2026-02-11 21:41:53,308 [INFO] Trial 23: Score=0.4566 | MOTA=0.3955 | IDF1=0.5178 | IDsw=288.0 | Params={'CONFIDENCE_THRESHOLD': 0.5442265436372596, 'CONFIDENCE_LOW': 0.1961572408006195, 'IOU_THRESHOLD': 0.20920136207434437, 'MAX_AGE': 22, 'MIN_HITS': 3, 'INERTIA': 0.13721289268823553, 'DELTA_T': 4, 'MAX_GAP': 36}
2026-02-11 21:57:15,895 [INFO] partials: 0.534 seconds.
2026-02-11 21:57:15,901 [INFO] mergeOverall: 0.540 seconds.
2026-02-11 21:57:15,902 [INFO] Trial 24: Score=0.4400 | MOTA=0.3656 | IDF1=0.5144 | IDsw=462.0 | Params={'CONFIDENCE_THRESHOLD': 0.41075532767445455, 'CONFIDENCE_LOW': 0.10148522943914137, 'IOU_THRESHOLD': 0.2287929474350316, 'MAX_AGE': 29, 'MIN_HITS': 3, 'INERTIA': 0.18617563276027413, 'DELTA_T': 5, 'MAX_GAP': 28}
2026-02-11 22:12:12,138 [INFO] partials: 0.495 seconds.
2026-02-11 22:12:12,145 [INFO] mergeOverall: 0.502 seconds.
2026-02-11 22:12:12,146 [INFO] Trial 25: Score=0.4562 | MOTA=0.3911 | IDF1=0.5213 | IDsw=399.0 | Params={'CONFIDENCE_THRESHOLD': 0.39674170998047587, 'CONFIDENCE_LOW': 0.168855023222756, 'IOU_THRESHOLD': 0.14354669254270475, 'MAX_AGE': 36, 'MIN_HITS': 3, 'INERTIA': 0.156690194363708, 'DELTA_T': 5, 'MAX_GAP': 23}
2026-02-11 22:26:49,377 [INFO] partials: 0.428 seconds.
2026-02-11 22:26:49,385 [INFO] mergeOverall: 0.435 seconds.
2026-02-11 22:26:49,386 [INFO] Trial 26: Score=0.4469 | MOTA=0.3850 | IDF1=0.5088 | IDsw=339.0 | Params={'CONFIDENCE_THRESHOLD': 0.4852402147085294, 'CONFIDENCE_LOW': 0.1850868760898735, 'IOU_THRESHOLD': 0.11716903673010556, 'MAX_AGE': 22, 'MIN_HITS': 5, 'INERTIA': 0.24279739245125798, 'DELTA_T': 5, 'MAX_GAP': 37}
2026-02-11 22:41:40,971 [INFO] partials: 0.563 seconds.
2026-02-11 22:41:40,979 [INFO] mergeOverall: 0.571 seconds.
2026-02-11 22:41:40,981 [INFO] Trial 27: Score=0.4441 | MOTA=0.3877 | IDF1=0.5006 | IDsw=312.0 | Params={'CONFIDENCE_THRESHOLD': 0.533711557391996, 'CONFIDENCE_LOW': 0.13282490915012846, 'IOU_THRESHOLD': 0.29705279477951574, 'MAX_AGE': 40, 'MIN_HITS': 4, 'INERTIA': 0.11752331757760837, 'DELTA_T': 4, 'MAX_GAP': 24}
2026-02-11 22:55:47,882 [INFO] partials: 0.565 seconds.
2026-02-11 22:55:47,887 [INFO] mergeOverall: 0.570 seconds.
2026-02-11 22:55:47,890 [INFO] Trial 28: Score=0.4455 | MOTA=0.3791 | IDF1=0.5119 | IDsw=279.0 | Params={'CONFIDENCE_THRESHOLD': 0.5652659683808265, 'CONFIDENCE_LOW': 0.12474025449704901, 'IOU_THRESHOLD': 0.29226589622587323, 'MAX_AGE': 36, 'MIN_HITS': 5, 'INERTIA': 0.3060009300260076, 'DELTA_T': 5, 'MAX_GAP': 26}
2026-02-11 23:10:33,526 [INFO] partials: 0.641 seconds.
2026-02-11 23:10:33,534 [INFO] mergeOverall: 0.650 seconds.
2026-02-11 23:10:33,536 [INFO] Trial 29: Score=0.4622 | MOTA=0.3947 | IDF1=0.5297 | IDsw=333.0 | Params={'CONFIDENCE_THRESHOLD': 0.5117352806531359, 'CONFIDENCE_LOW': 0.1935209055682422, 'IOU_THRESHOLD': 0.13676111530182677, 'MAX_AGE': 18, 'MIN_HITS': 2, 'INERTIA': 0.23506172890684995, 'DELTA_T': 5, 'MAX_GAP': 20}
2026-02-11 23:24:49,043 [INFO] partials: 0.574 seconds.
2026-02-11 23:24:49,050 [INFO] mergeOverall: 0.581 seconds.
2026-02-11 23:24:49,051 [INFO] Trial 30: Score=0.4491 | MOTA=0.3854 | IDF1=0.5128 | IDsw=432.0 | Params={'CONFIDENCE_THRESHOLD': 0.42157585900916, 'CONFIDENCE_LOW': 0.14586993002481255, 'IOU_THRESHOLD': 0.127713796684228, 'MAX_AGE': 18, 'MIN_HITS': 4, 'INERTIA': 0.32807882090394935, 'DELTA_T': 3, 'MAX_GAP': 33}
2026-02-11 23:38:36,552 [INFO] partials: 0.629 seconds.
2026-02-11 23:38:36,558 [INFO] mergeOverall: 0.635 seconds.
2026-02-11 23:38:36,560 [INFO] Trial 31: Score=0.4569 | MOTA=0.3902 | IDF1=0.5236 | IDsw=357.0 | Params={'CONFIDENCE_THRESHOLD': 0.5067662806652896, 'CONFIDENCE_LOW': 0.19420812959413064, 'IOU_THRESHOLD': 0.21339877713981759, 'MAX_AGE': 21, 'MIN_HITS': 1, 'INERTIA': 0.23941201770158094, 'DELTA_T': 5, 'MAX_GAP': 16}
2026-02-11 23:52:51,252 [INFO] partials: 0.562 seconds.
2026-02-11 23:52:51,263 [INFO] mergeOverall: 0.573 seconds.
2026-02-11 23:52:51,267 [INFO] Trial 32: Score=0.4455 | MOTA=0.3835 | IDF1=0.5075 | IDsw=267.0 | Params={'CONFIDENCE_THRESHOLD': 0.6238103390186233, 'CONFIDENCE_LOW': 0.1751678050675246, 'IOU_THRESHOLD': 0.19723084405345256, 'MAX_AGE': 19, 'MIN_HITS': 3, 'INERTIA': 0.35085683765412184, 'DELTA_T': 5, 'MAX_GAP': 17}
2026-02-12 00:07:33,842 [INFO] partials: 0.511 seconds.
2026-02-12 00:07:33,891 [INFO] mergeOverall: 0.560 seconds.
2026-02-12 00:07:33,892 [INFO] Trial 33: Score=0.4485 | MOTA=0.3842 | IDF1=0.5128 | IDsw=369.0 | Params={'CONFIDENCE_THRESHOLD': 0.4619107099302053, 'CONFIDENCE_LOW': 0.17812393846077665, 'IOU_THRESHOLD': 0.1200359374217771, 'MAX_AGE': 26, 'MIN_HITS': 3, 'INERTIA': 0.22151938090671552, 'DELTA_T': 4, 'MAX_GAP': 19}
2026-02-12 00:22:30,274 [INFO] partials: 0.615 seconds.
2026-02-12 00:22:30,423 [INFO] mergeOverall: 0.764 seconds.
2026-02-12 00:22:30,425 [INFO] Trial 34: Score=0.4583 | MOTA=0.3893 | IDF1=0.5272 | IDsw=273.0 | Params={'CONFIDENCE_THRESHOLD': 0.5386352792482016, 'CONFIDENCE_LOW': 0.1865604927573859, 'IOU_THRESHOLD': 0.28485724057545136, 'MAX_AGE': 26, 'MIN_HITS': 5, 'INERTIA': 0.17659909015887448, 'DELTA_T': 4, 'MAX_GAP': 40}
2026-02-12 00:36:59,297 [INFO] partials: 0.540 seconds.
2026-02-12 00:36:59,303 [INFO] mergeOverall: 0.546 seconds.
2026-02-12 00:36:59,306 [INFO] Trial 35: Score=0.4290 | MOTA=0.3448 | IDF1=0.5131 | IDsw=576.0 | Params={'CONFIDENCE_THRESHOLD': 0.3283543993909983, 'CONFIDENCE_LOW': 0.1305412536550573, 'IOU_THRESHOLD': 0.3122134434016534, 'MAX_AGE': 16, 'MIN_HITS': 1, 'INERTIA': 0.45140932170185344, 'DELTA_T': 2, 'MAX_GAP': 30}
2026-02-12 00:50:56,970 [INFO] partials: 0.455 seconds.
2026-02-12 00:50:56,977 [INFO] mergeOverall: 0.461 seconds.
2026-02-12 00:50:56,978 [INFO] Trial 36: Score=0.4299 | MOTA=0.3655 | IDF1=0.4943 | IDsw=339.0 | Params={'CONFIDENCE_THRESHOLD': 0.5453400418456035, 'CONFIDENCE_LOW': 0.16566224648981087, 'IOU_THRESHOLD': 0.11067217404897993, 'MAX_AGE': 27, 'MIN_HITS': 2, 'INERTIA': 0.1509794548112807, 'DELTA_T': 5, 'MAX_GAP': 34}
2026-02-12 01:05:17,931 [INFO] partials: 0.562 seconds.
2026-02-12 01:05:17,936 [INFO] mergeOverall: 0.567 seconds.
2026-02-12 01:05:17,937 [INFO] Trial 37: Score=0.4498 | MOTA=0.3867 | IDF1=0.5129 | IDsw=324.0 | Params={'CONFIDENCE_THRESHOLD': 0.47871925980782143, 'CONFIDENCE_LOW': 0.1430379692903556, 'IOU_THRESHOLD': 0.2891246354599366, 'MAX_AGE': 39, 'MIN_HITS': 5, 'INERTIA': 0.18361176109857702, 'DELTA_T': 5, 'MAX_GAP': 26}
2026-02-12 01:19:49,274 [INFO] partials: 0.501 seconds.
2026-02-12 01:19:49,282 [INFO] mergeOverall: 0.509 seconds.
2026-02-12 01:19:49,286 [INFO] Trial 38: Score=0.4385 | MOTA=0.3800 | IDF1=0.4969 | IDsw=294.0 | Params={'CONFIDENCE_THRESHOLD': 0.5618245107634177, 'CONFIDENCE_LOW': 0.19560104971422881, 'IOU_THRESHOLD': 0.10249547961367762, 'MAX_AGE': 35, 'MIN_HITS': 3, 'INERTIA': 0.22991597313901915, 'DELTA_T': 5, 'MAX_GAP': 20}
2026-02-12 01:34:52,492 [INFO] partials: 0.739 seconds.
2026-02-12 01:34:52,500 [INFO] mergeOverall: 0.746 seconds.
2026-02-12 01:34:52,502 [INFO] Trial 39: Score=0.4414 | MOTA=0.3753 | IDF1=0.5076 | IDsw=414.0 | Params={'CONFIDENCE_THRESHOLD': 0.4357924634278121, 'CONFIDENCE_LOW': 0.1453826908315726, 'IOU_THRESHOLD': 0.13597106892990032, 'MAX_AGE': 27, 'MIN_HITS': 2, 'INERTIA': 0.3424535533405438, 'DELTA_T': 5, 'MAX_GAP': 9}
2026-02-12 01:49:40,106 [INFO] partials: 0.542 seconds.
2026-02-12 01:49:40,116 [INFO] mergeOverall: 0.552 seconds.
2026-02-12 01:49:40,119 [INFO] Trial 40: Score=0.4472 | MOTA=0.3881 | IDF1=0.5064 | IDsw=303.0 | Params={'CONFIDENCE_THRESHOLD': 0.5269480220939023, 'CONFIDENCE_LOW': 0.1605680842775613, 'IOU_THRESHOLD': 0.4698570685663737, 'MAX_AGE': 57, 'MIN_HITS': 4, 'INERTIA': 0.1592395382478268, 'DELTA_T': 1, 'MAX_GAP': 60}
2026-02-12 02:04:47,282 [INFO] partials: 0.639 seconds.
2026-02-12 02:04:47,295 [INFO] mergeOverall: 0.652 seconds.
2026-02-12 02:04:47,300 [INFO] Trial 41: Score=0.4502 | MOTA=0.3938 | IDF1=0.5065 | IDsw=255.0 | Params={'CONFIDENCE_THRESHOLD': 0.5403042970144218, 'CONFIDENCE_LOW': 0.1850727724050905, 'IOU_THRESHOLD': 0.30978826654770436, 'MAX_AGE': 37, 'MIN_HITS': 4, 'INERTIA': 0.29474821249330385, 'DELTA_T': 3, 'MAX_GAP': 33}
2026-02-12 02:19:25,758 [INFO] partials: 0.397 seconds.
2026-02-12 02:19:25,763 [INFO] mergeOverall: 0.402 seconds.
2026-02-12 02:19:25,764 [INFO] Trial 42: Score=0.4523 | MOTA=0.3816 | IDF1=0.5229 | IDsw=285.0 | Params={'CONFIDENCE_THRESHOLD': 0.5721955011050612, 'CONFIDENCE_LOW': 0.1480764943479441, 'IOU_THRESHOLD': 0.2865189673009423, 'MAX_AGE': 24, 'MIN_HITS': 5, 'INERTIA': 0.19142993399627733, 'DELTA_T': 5, 'MAX_GAP': 40}
2026-02-12 02:34:42,980 [INFO] partials: 0.536 seconds.
2026-02-12 02:34:42,986 [INFO] mergeOverall: 0.543 seconds.
2026-02-12 02:34:42,988 [INFO] Trial 43: Score=0.4523 | MOTA=0.3867 | IDF1=0.5180 | IDsw=249.0 | Params={'CONFIDENCE_THRESHOLD': 0.575786503177796, 'CONFIDENCE_LOW': 0.17448307598785812, 'IOU_THRESHOLD': 0.22435952451103705, 'MAX_AGE': 40, 'MIN_HITS': 5, 'INERTIA': 0.12771148423170237, 'DELTA_T': 3, 'MAX_GAP': 45}
2026-02-12 02:48:27,124 [INFO] partials: 0.581 seconds.
2026-02-12 02:48:27,131 [INFO] mergeOverall: 0.588 seconds.
2026-02-12 02:48:27,133 [INFO] Trial 44: Score=0.4474 | MOTA=0.3880 | IDF1=0.5069 | IDsw=246.0 | Params={'CONFIDENCE_THRESHOLD': 0.578994467623265, 'CONFIDENCE_LOW': 0.1816585227595978, 'IOU_THRESHOLD': 0.3779319507253681, 'MAX_AGE': 37, 'MIN_HITS': 5, 'INERTIA': 0.2234240943648264, 'DELTA_T': 4, 'MAX_GAP': 48}
2026-02-12 03:03:08,573 [INFO] partials: 0.492 seconds.
2026-02-12 03:03:08,593 [INFO] mergeOverall: 0.512 seconds.
2026-02-12 03:03:08,594 [INFO] Trial 45: Score=0.4548 | MOTA=0.3869 | IDF1=0.5226 | IDsw=324.0 | Params={'CONFIDENCE_THRESHOLD': 0.4638092017415536, 'CONFIDENCE_LOW': 0.1697613177707946, 'IOU_THRESHOLD': 0.18230407137208285, 'MAX_AGE': 25, 'MIN_HITS': 5, 'INERTIA': 0.11697013442043602, 'DELTA_T': 4, 'MAX_GAP': 32}
2026-02-12 03:17:51,796 [INFO] partials: 0.484 seconds.
2026-02-12 03:17:51,869 [INFO] mergeOverall: 0.557 seconds.
2026-02-12 03:17:51,871 [INFO] Trial 46: Score=0.4429 | MOTA=0.3710 | IDF1=0.5148 | IDsw=441.0 | Params={'CONFIDENCE_THRESHOLD': 0.35263798500161514, 'CONFIDENCE_LOW': 0.16891969242092572, 'IOU_THRESHOLD': 0.23179124012601307, 'MAX_AGE': 78, 'MIN_HITS': 4, 'INERTIA': 0.37143260907141395, 'DELTA_T': 1, 'MAX_GAP': 39}
2026-02-12 03:32:51,299 [INFO] partials: 0.414 seconds.
2026-02-12 03:32:51,304 [INFO] mergeOverall: 0.420 seconds.
2026-02-12 03:32:51,306 [INFO] Trial 47: Score=0.4608 | MOTA=0.3990 | IDF1=0.5227 | IDsw=360.0 | Params={'CONFIDENCE_THRESHOLD': 0.45599987287657745, 'CONFIDENCE_LOW': 0.18401202433341632, 'IOU_THRESHOLD': 0.3218383998075218, 'MAX_AGE': 18, 'MIN_HITS': 4, 'INERTIA': 0.2038405567894129, 'DELTA_T': 4, 'MAX_GAP': 40}
2026-02-12 03:46:38,502 [INFO] partials: 0.504 seconds.
2026-02-12 03:46:38,506 [INFO] mergeOverall: 0.508 seconds.
2026-02-12 03:46:38,507 [INFO] Trial 48: Score=0.4573 | MOTA=0.3997 | IDF1=0.5149 | IDsw=345.0 | Params={'CONFIDENCE_THRESHOLD': 0.4779325477510592, 'CONFIDENCE_LOW': 0.19026135491378168, 'IOU_THRESHOLD': 0.36919299608801365, 'MAX_AGE': 16, 'MIN_HITS': 4, 'INERTIA': 0.21209917510357482, 'DELTA_T': 3, 'MAX_GAP': 41}
2026-02-12 04:00:27,846 [INFO] partials: 0.429 seconds.
2026-02-12 04:00:27,851 [INFO] mergeOverall: 0.434 seconds.
2026-02-12 04:00:27,853 [INFO] Trial 49: Score=0.4486 | MOTA=0.3813 | IDF1=0.5160 | IDsw=306.0 | Params={'CONFIDENCE_THRESHOLD': 0.4603174529813126, 'CONFIDENCE_LOW': 0.15530253541541533, 'IOU_THRESHOLD': 0.188758044170448, 'MAX_AGE': 21, 'MIN_HITS': 5, 'INERTIA': 0.2629970813570781, 'DELTA_T': 5, 'MAX_GAP': 13}
2026-02-12 04:13:47,729 [INFO] partials: 0.363 seconds.
2026-02-12 04:13:47,733 [INFO] mergeOverall: 0.367 seconds.
2026-02-12 04:13:47,735 [INFO] Trial 50: Score=0.4579 | MOTA=0.3934 | IDF1=0.5223 | IDsw=333.0 | Params={'CONFIDENCE_THRESHOLD': 0.5227846091860603, 'CONFIDENCE_LOW': 0.1991345225525468, 'IOU_THRESHOLD': 0.18685297722683117, 'MAX_AGE': 19, 'MIN_HITS': 2, 'INERTIA': 0.28718026274415936, 'DELTA_T': 5, 'MAX_GAP': 29}
2026-02-12 04:28:12,512 [INFO] partials: 0.443 seconds.
2026-02-12 04:28:12,520 [INFO] mergeOverall: 0.451 seconds.
2026-02-12 04:28:12,521 [INFO] Trial 51: Score=0.4576 | MOTA=0.3943 | IDF1=0.5209 | IDsw=345.0 | Params={'CONFIDENCE_THRESHOLD': 0.4063388509112037, 'CONFIDENCE_LOW': 0.1883944273690166, 'IOU_THRESHOLD': 0.33085345411977746, 'MAX_AGE': 16, 'MIN_HITS': 5, 'INERTIA': 0.12827403082225006, 'DELTA_T': 4, 'MAX_GAP': 40}
2026-02-12 04:43:45,842 [INFO] partials: 0.678 seconds.
2026-02-12 04:43:45,860 [INFO] mergeOverall: 0.696 seconds.
2026-02-12 04:43:45,862 [INFO] Trial 52: Score=0.4447 | MOTA=0.3832 | IDF1=0.5063 | IDsw=438.0 | Params={'CONFIDENCE_THRESHOLD': 0.45402888068907377, 'CONFIDENCE_LOW': 0.13179223083855934, 'IOU_THRESHOLD': 0.4802155969046503, 'MAX_AGE': 90, 'MIN_HITS': 3, 'INERTIA': 0.4108706934339602, 'DELTA_T': 3, 'MAX_GAP': 54}
2026-02-12 04:58:32,205 [INFO] partials: 0.484 seconds.
2026-02-12 04:58:32,209 [INFO] mergeOverall: 0.488 seconds.
2026-02-12 04:58:32,211 [INFO] Trial 53: Score=0.4534 | MOTA=0.3944 | IDF1=0.5125 | IDsw=360.0 | Params={'CONFIDENCE_THRESHOLD': 0.47912024541342424, 'CONFIDENCE_LOW': 0.1787362884623089, 'IOU_THRESHOLD': 0.38482219274340723, 'MAX_AGE': 41, 'MIN_HITS': 3, 'INERTIA': 0.12135573641169685, 'DELTA_T': 4, 'MAX_GAP': 54}
2026-02-12 05:13:19,558 [INFO] partials: 0.771 seconds.
2026-02-12 05:13:19,569 [INFO] mergeOverall: 0.782 seconds.
2026-02-12 05:13:19,710 [INFO] Trial 54: Score=0.4623 | MOTA=0.4010 | IDF1=0.5236 | IDsw=330.0 | Params={'CONFIDENCE_THRESHOLD': 0.48709056690591385, 'CONFIDENCE_LOW': 0.18876986150152153, 'IOU_THRESHOLD': 0.35609277733335537, 'MAX_AGE': 26, 'MIN_HITS': 3, 'INERTIA': 0.17140914995882217, 'DELTA_T': 5, 'MAX_GAP': 24}
2026-02-12 05:28:07,119 [INFO] partials: 0.487 seconds.
2026-02-12 05:28:07,130 [INFO] mergeOverall: 0.497 seconds.
2026-02-12 05:28:07,132 [INFO] Trial 55: Score=0.4573 | MOTA=0.4004 | IDF1=0.5142 | IDsw=339.0 | Params={'CONFIDENCE_THRESHOLD': 0.5152245393574648, 'CONFIDENCE_LOW': 0.1816573330493185, 'IOU_THRESHOLD': 0.40869677523342357, 'MAX_AGE': 40, 'MIN_HITS': 3, 'INERTIA': 0.1272431338212714, 'DELTA_T': 5, 'MAX_GAP': 24}
2026-02-12 05:44:35,815 [INFO] partials: 0.517 seconds.
2026-02-12 05:44:35,823 [INFO] mergeOverall: 0.525 seconds.
2026-02-12 05:44:35,825 [INFO] Trial 56: Score=0.4485 | MOTA=0.3902 | IDF1=0.5069 | IDsw=408.0 | Params={'CONFIDENCE_THRESHOLD': 0.40525143860283436, 'CONFIDENCE_LOW': 0.18857459017776013, 'IOU_THRESHOLD': 0.36111138644551205, 'MAX_AGE': 51, 'MIN_HITS': 3, 'INERTIA': 0.24762104627010548, 'DELTA_T': 4, 'MAX_GAP': 28}
2026-02-12 05:59:50,018 [INFO] partials: 0.639 seconds.
2026-02-12 05:59:50,023 [INFO] mergeOverall: 0.644 seconds.
2026-02-12 05:59:50,025 [INFO] Trial 57: Score=0.4687 | MOTA=0.4070 | IDF1=0.5303 | IDsw=309.0 | Params={'CONFIDENCE_THRESHOLD': 0.5216514162321099, 'CONFIDENCE_LOW': 0.19275695980478869, 'IOU_THRESHOLD': 0.35220358216723235, 'MAX_AGE': 17, 'MIN_HITS': 3, 'INERTIA': 0.18277144138223841, 'DELTA_T': 5, 'MAX_GAP': 31}
2026-02-12 06:15:32,071 [INFO] partials: 0.563 seconds.
2026-02-12 06:15:32,084 [INFO] mergeOverall: 0.576 seconds.
2026-02-12 06:15:32,086 [INFO] Trial 58: Score=0.4626 | MOTA=0.4098 | IDF1=0.5153 | IDsw=345.0 | Params={'CONFIDENCE_THRESHOLD': 0.49355921472912356, 'CONFIDENCE_LOW': 0.16309063891902123, 'IOU_THRESHOLD': 0.367993299359237, 'MAX_AGE': 33, 'MIN_HITS': 3, 'INERTIA': 0.23917308912952062, 'DELTA_T': 5, 'MAX_GAP': 28}
2026-02-12 06:31:20,642 [INFO] partials: 0.719 seconds.
2026-02-12 06:31:20,660 [INFO] mergeOverall: 0.736 seconds.
2026-02-12 06:31:20,664 [INFO] Trial 59: Score=0.4375 | MOTA=0.3715 | IDF1=0.5035 | IDsw=483.0 | Params={'CONFIDENCE_THRESHOLD': 0.44737040811994505, 'CONFIDENCE_LOW': 0.09768358834475575, 'IOU_THRESHOLD': 0.40132045487851076, 'MAX_AGE': 21, 'MIN_HITS': 3, 'INERTIA': 0.23384249002226334, 'DELTA_T': 5, 'MAX_GAP': 41}
2026-02-12 06:46:30,398 [INFO] partials: 0.751 seconds.
2026-02-12 06:46:30,415 [INFO] mergeOverall: 0.768 seconds.
2026-02-12 06:46:30,431 [INFO] Trial 60: Score=0.4505 | MOTA=0.3892 | IDF1=0.5117 | IDsw=324.0 | Params={'CONFIDENCE_THRESHOLD': 0.5907422233591035, 'CONFIDENCE_LOW': 0.14854531318698563, 'IOU_THRESHOLD': 0.3868067976329017, 'MAX_AGE': 51, 'MIN_HITS': 1, 'INERTIA': 0.294845795113592, 'DELTA_T': 4, 'MAX_GAP': 18}
2026-02-12 07:03:14,291 [INFO] partials: 0.750 seconds.
2026-02-12 07:03:14,303 [INFO] mergeOverall: 0.762 seconds.
2026-02-12 07:03:14,305 [INFO] Trial 61: Score=0.4561 | MOTA=0.3928 | IDF1=0.5194 | IDsw=339.0 | Params={'CONFIDENCE_THRESHOLD': 0.4702235074776965, 'CONFIDENCE_LOW': 0.1888394962007688, 'IOU_THRESHOLD': 0.3446506624878581, 'MAX_AGE': 27, 'MIN_HITS': 2, 'INERTIA': 0.2192521370713845, 'DELTA_T': 5, 'MAX_GAP': 48}
2026-02-12 07:19:21,843 [INFO] partials: 0.799 seconds.
2026-02-12 07:19:21,854 [INFO] mergeOverall: 0.810 seconds.
2026-02-12 07:19:21,858 [INFO] Trial 62: Score=0.4597 | MOTA=0.3997 | IDF1=0.5197 | IDsw=336.0 | Params={'CONFIDENCE_THRESHOLD': 0.5219287171184573, 'CONFIDENCE_LOW': 0.19231264691156108, 'IOU_THRESHOLD': 0.4088790117159513, 'MAX_AGE': 18, 'MIN_HITS': 3, 'INERTIA': 0.24323040207280597, 'DELTA_T': 5, 'MAX_GAP': 33}
2026-02-12 07:36:38,125 [INFO] partials: 0.482 seconds.
2026-02-12 07:36:38,135 [INFO] mergeOverall: 0.492 seconds.
2026-02-12 07:36:38,137 [INFO] Trial 63: Score=0.4465 | MOTA=0.3849 | IDF1=0.5081 | IDsw=267.0 | Params={'CONFIDENCE_THRESHOLD': 0.6274489008437097, 'CONFIDENCE_LOW': 0.1720685827788198, 'IOU_THRESHOLD': 0.30733552391153307, 'MAX_AGE': 24, 'MIN_HITS': 2, 'INERTIA': 0.17828390112587233, 'DELTA_T': 5, 'MAX_GAP': 26}
2026-02-12 07:55:18,251 [INFO] partials: 0.531 seconds.
2026-02-12 07:55:18,259 [INFO] mergeOverall: 0.539 seconds.
2026-02-12 07:55:18,261 [INFO] Trial 64: Score=0.4460 | MOTA=0.3834 | IDF1=0.5086 | IDsw=405.0 | Params={'CONFIDENCE_THRESHOLD': 0.4634247358454749, 'CONFIDENCE_LOW': 0.13681071468925576, 'IOU_THRESHOLD': 0.2946582377547676, 'MAX_AGE': 34, 'MIN_HITS': 2, 'INERTIA': 0.2593879022984479, 'DELTA_T': 4, 'MAX_GAP': 25}
2026-02-12 08:12:43,002 [INFO] partials: 0.680 seconds.
2026-02-12 08:12:43,056 [INFO] mergeOverall: 0.734 seconds.
2026-02-12 08:12:43,058 [INFO] Trial 65: Score=0.4411 | MOTA=0.3866 | IDF1=0.4956 | IDsw=414.0 | Params={'CONFIDENCE_THRESHOLD': 0.5094498122349109, 'CONFIDENCE_LOW': 0.1494978779739814, 'IOU_THRESHOLD': 0.4769596576821845, 'MAX_AGE': 15, 'MIN_HITS': 3, 'INERTIA': 0.2890949115334286, 'DELTA_T': 5, 'MAX_GAP': 9}
2026-02-12 08:30:29,267 [INFO] partials: 0.689 seconds.
2026-02-12 08:30:29,306 [INFO] mergeOverall: 0.728 seconds.
2026-02-12 08:30:29,307 [INFO] Trial 66: Score=0.4691 | MOTA=0.4003 | IDF1=0.5379 | IDsw=276.0 | Params={'CONFIDENCE_THRESHOLD': 0.5518937060464508, 'CONFIDENCE_LOW': 0.19819946224970328, 'IOU_THRESHOLD': 0.32723828289932183, 'MAX_AGE': 26, 'MIN_HITS': 3, 'INERTIA': 0.12692736760589635, 'DELTA_T': 5, 'MAX_GAP': 31}
2026-02-12 08:48:47,428 [INFO] partials: 0.606 seconds.
2026-02-12 08:48:47,439 [INFO] mergeOverall: 0.617 seconds.
2026-02-12 08:48:47,442 [INFO] Trial 67: Score=0.4623 | MOTA=0.4031 | IDF1=0.5216 | IDsw=294.0 | Params={'CONFIDENCE_THRESHOLD': 0.5317247604844345, 'CONFIDENCE_LOW': 0.17515278586273716, 'IOU_THRESHOLD': 0.29209893382387214, 'MAX_AGE': 26, 'MIN_HITS': 3, 'INERTIA': 0.2155145002979778, 'DELTA_T': 5, 'MAX_GAP': 30}
2026-02-12 09:04:35,617 [INFO] partials: 0.674 seconds.
2026-02-12 09:04:35,635 [INFO] mergeOverall: 0.692 seconds.
2026-02-12 09:04:35,638 [INFO] Trial 68: Score=0.4632 | MOTA=0.4077 | IDF1=0.5187 | IDsw=333.0 | Params={'CONFIDENCE_THRESHOLD': 0.5031764638688727, 'CONFIDENCE_LOW': 0.1611212465732683, 'IOU_THRESHOLD': 0.31142194464600237, 'MAX_AGE': 19, 'MIN_HITS': 3, 'INERTIA': 0.19406566981555043, 'DELTA_T': 5, 'MAX_GAP': 27}
2026-02-12 09:20:30,324 [INFO] partials: 0.666 seconds.
2026-02-12 09:20:30,330 [INFO] mergeOverall: 0.672 seconds.
2026-02-12 09:20:30,333 [INFO] Trial 69: Score=0.4648 | MOTA=0.3924 | IDF1=0.5371 | IDsw=384.0 | Params={'CONFIDENCE_THRESHOLD': 0.4141454519834688, 'CONFIDENCE_LOW': 0.17137549569587363, 'IOU_THRESHOLD': 0.28172657254861116, 'MAX_AGE': 31, 'MIN_HITS': 2, 'INERTIA': 0.1330605427382433, 'DELTA_T': 5, 'MAX_GAP': 33}
2026-02-12 09:35:24,630 [INFO] partials: 0.431 seconds.
2026-02-12 09:35:24,637 [INFO] mergeOverall: 0.438 seconds.
2026-02-12 09:35:24,639 [INFO] Trial 70: Score=0.4535 | MOTA=0.3853 | IDF1=0.5217 | IDsw=297.0 | Params={'CONFIDENCE_THRESHOLD': 0.5919106471603979, 'CONFIDENCE_LOW': 0.12182334104130757, 'IOU_THRESHOLD': 0.28114620933650375, 'MAX_AGE': 36, 'MIN_HITS': 3, 'INERTIA': 0.2558216165467566, 'DELTA_T': 4, 'MAX_GAP': 38}
2026-02-12 09:51:16,007 [INFO] partials: 0.778 seconds.
2026-02-12 09:51:16,016 [INFO] mergeOverall: 0.786 seconds.
2026-02-12 09:51:16,017 [INFO] Trial 71: Score=0.4279 | MOTA=0.3454 | IDF1=0.5104 | IDsw=423.0 | Params={'CONFIDENCE_THRESHOLD': 0.3976481669175381, 'CONFIDENCE_LOW': 0.14128629610068644, 'IOU_THRESHOLD': 0.24615816720774586, 'MAX_AGE': 60, 'MIN_HITS': 2, 'INERTIA': 0.16345507071826032, 'DELTA_T': 5, 'MAX_GAP': 38}
2026-02-12 10:06:54,235 [INFO] partials: 0.586 seconds.
2026-02-12 10:06:54,241 [INFO] mergeOverall: 0.592 seconds.
2026-02-12 10:06:54,244 [INFO] Trial 72: Score=0.4624 | MOTA=0.4015 | IDF1=0.5234 | IDsw=339.0 | Params={'CONFIDENCE_THRESHOLD': 0.4793561770597648, 'CONFIDENCE_LOW': 0.1611011420311201, 'IOU_THRESHOLD': 0.286186504581156, 'MAX_AGE': 48, 'MIN_HITS': 3, 'INERTIA': 0.15280864217911083, 'DELTA_T': 5, 'MAX_GAP': 28}
2026-02-12 10:22:23,496 [INFO] partials: 0.788 seconds.
2026-02-12 10:22:23,503 [INFO] mergeOverall: 0.794 seconds.
2026-02-12 10:22:23,506 [INFO] Trial 73: Score=0.4347 | MOTA=0.3780 | IDF1=0.4915 | IDsw=474.0 | Params={'CONFIDENCE_THRESHOLD': 0.3669193203731828, 'CONFIDENCE_LOW': 0.16604689850908055, 'IOU_THRESHOLD': 0.31635263668302904, 'MAX_AGE': 46, 'MIN_HITS': 2, 'INERTIA': 0.15484883178291894, 'DELTA_T': 4, 'MAX_GAP': 25}
2026-02-12 10:38:20,674 [INFO] partials: 0.587 seconds.
2026-02-12 10:38:20,680 [INFO] mergeOverall: 0.593 seconds.
2026-02-12 10:38:20,682 [INFO] Trial 74: Score=0.4565 | MOTA=0.3911 | IDF1=0.5218 | IDsw=252.0 | Params={'CONFIDENCE_THRESHOLD': 0.5986238844048282, 'CONFIDENCE_LOW': 0.1933647202322322, 'IOU_THRESHOLD': 0.2744458722936348, 'MAX_AGE': 50, 'MIN_HITS': 3, 'INERTIA': 0.23613528152696006, 'DELTA_T': 5, 'MAX_GAP': 41}
2026-02-12 10:53:57,669 [INFO] partials: 0.634 seconds.
2026-02-12 10:53:57,677 [INFO] mergeOverall: 0.642 seconds.
2026-02-12 10:53:57,680 [INFO] Trial 75: Score=0.4579 | MOTA=0.3929 | IDF1=0.5228 | IDsw=276.0 | Params={'CONFIDENCE_THRESHOLD': 0.554342479074448, 'CONFIDENCE_LOW': 0.1816876182957883, 'IOU_THRESHOLD': 0.36015065290213366, 'MAX_AGE': 21, 'MIN_HITS': 4, 'INERTIA': 0.18024411753763184, 'DELTA_T': 5, 'MAX_GAP': 30}
2026-02-12 11:08:41,474 [INFO] partials: 0.419 seconds.
2026-02-12 11:08:41,479 [INFO] mergeOverall: 0.425 seconds.
2026-02-12 11:08:41,481 [INFO] Trial 76: Score=0.4507 | MOTA=0.3913 | IDF1=0.5102 | IDsw=309.0 | Params={'CONFIDENCE_THRESHOLD': 0.5469803328535927, 'CONFIDENCE_LOW': 0.14215023663163953, 'IOU_THRESHOLD': 0.23984140208832258, 'MAX_AGE': 21, 'MIN_HITS': 3, 'INERTIA': 0.10586856448081229, 'DELTA_T': 5, 'MAX_GAP': 22}
2026-02-12 11:25:01,007 [INFO] partials: 0.828 seconds.
2026-02-12 11:25:01,018 [INFO] mergeOverall: 0.838 seconds.
2026-02-12 11:25:01,019 [INFO] Trial 77: Score=0.4617 | MOTA=0.4041 | IDF1=0.5193 | IDsw=387.0 | Params={'CONFIDENCE_THRESHOLD': 0.4802477874811916, 'CONFIDENCE_LOW': 0.15645507113393847, 'IOU_THRESHOLD': 0.32738858096442874, 'MAX_AGE': 16, 'MIN_HITS': 3, 'INERTIA': 0.16177208473173457, 'DELTA_T': 5, 'MAX_GAP': 34}
