2026-02-11 15:22:22,670 [INFO] Starting Hyperparameter Optimization (Manual Simulated Annealing)...
2026-02-11 15:22:22,670 [INFO] Found 6 sequences for validation: ['MOT17-02-DPM', 'MOT17-02-FRCNN', 'MOT17-02-SDP', 'MOT17-13-DPM', 'MOT17-13-FRCNN', 'MOT17-13-SDP']
2026-02-11 15:39:40,936 [INFO] partials: 0.514 seconds.
2026-02-11 15:39:40,942 [INFO] mergeOverall: 0.520 seconds.
2026-02-11 15:39:40,944 [INFO] Trial 0: Score=0.3922 | MOTA=0.3254 | IDF1=0.4590 | IDsw=450.0 | Params={'CONFIDENCE_THRESHOLD': 0.5530182607198108, 'CONFIDENCE_LOW': 0.0417307380442688, 'IOU_THRESHOLD': 0.1118611941676798, 'MAX_AGE': 91, 'MIN_HITS': 5, 'INERTIA': 0.2634858864579375, 'DELTA_T': 3, 'MAX_GAP': 22}
2026-02-11 15:58:10,977 [INFO] partials: 0.754 seconds.
2026-02-11 15:58:10,991 [INFO] mergeOverall: 0.767 seconds.
2026-02-11 15:58:10,993 [INFO] Trial 1: Score=0.3274 | MOTA=0.2289 | IDF1=0.4259 | IDsw=591.0 | Params={'CONFIDENCE_THRESHOLD': 0.5530182607198108, 'CONFIDENCE_LOW': 0.01, 'IOU_THRESHOLD': 0.1118611941676798, 'MAX_AGE': 91, 'MIN_HITS': 5, 'INERTIA': 0.2634858864579375, 'DELTA_T': 3, 'MAX_GAP': 22}
2026-02-11 16:15:18,575 [INFO] partials: 0.511 seconds.
2026-02-11 16:15:18,581 [INFO] mergeOverall: 0.516 seconds.
2026-02-11 16:15:18,583 [INFO] Trial 2: Score=0.3274 | MOTA=0.2289 | IDF1=0.4259 | IDsw=591.0 | Params={'CONFIDENCE_THRESHOLD': 0.5530182607198108, 'CONFIDENCE_LOW': 0.01, 'IOU_THRESHOLD': 0.1118611941676798, 'MAX_AGE': 91, 'MIN_HITS': 5, 'INERTIA': 0.2634858864579375, 'DELTA_T': 3, 'MAX_GAP': 22}
2026-02-11 16:32:50,360 [INFO] partials: 0.742 seconds.
2026-02-11 16:32:50,378 [INFO] mergeOverall: 0.760 seconds.
2026-02-11 16:32:50,380 [INFO] Trial 3: Score=0.3274 | MOTA=0.2289 | IDF1=0.4259 | IDsw=591.0 | Params={'CONFIDENCE_THRESHOLD': 0.5530182607198108, 'CONFIDENCE_LOW': 0.01, 'IOU_THRESHOLD': 0.1118611941676798, 'MAX_AGE': 90, 'MIN_HITS': 5, 'INERTIA': 0.2634858864579375, 'DELTA_T': 3, 'MAX_GAP': 22}
2026-02-11 16:49:47,757 [INFO] partials: 0.514 seconds.
2026-02-11 16:49:47,764 [INFO] mergeOverall: 0.521 seconds.
2026-02-11 16:49:47,766 [INFO] Trial 4: Score=0.3529 | MOTA=0.2779 | IDF1=0.4278 | IDsw=531.0 | Params={'CONFIDENCE_THRESHOLD': 0.5530182607198108, 'CONFIDENCE_LOW': 0.019643878966285916, 'IOU_THRESHOLD': 0.1118611941676798, 'MAX_AGE': 90, 'MIN_HITS': 5, 'INERTIA': 0.2634858864579375, 'DELTA_T': 3, 'MAX_GAP': 22}
2026-02-11 17:06:47,963 [INFO] partials: 0.852 seconds.
2026-02-11 17:06:47,972 [INFO] mergeOverall: 0.860 seconds.
2026-02-11 17:06:47,974 [INFO] Trial 5: Score=0.2780 | MOTA=0.1367 | IDF1=0.4192 | IDsw=924.0 | Params={'CONFIDENCE_THRESHOLD': 0.33972251934830233, 'CONFIDENCE_LOW': 0.019643878966285916, 'IOU_THRESHOLD': 0.1118611941676798, 'MAX_AGE': 90, 'MIN_HITS': 5, 'INERTIA': 0.2634858864579375, 'DELTA_T': 3, 'MAX_GAP': 22}
2026-02-11 17:23:39,469 [INFO] partials: 0.837 seconds.
2026-02-11 17:23:39,480 [INFO] mergeOverall: 0.848 seconds.
2026-02-11 17:23:39,482 [INFO] Trial 6: Score=0.2795 | MOTA=0.1373 | IDF1=0.4216 | IDsw=957.0 | Params={'CONFIDENCE_THRESHOLD': 0.33972251934830233, 'CONFIDENCE_LOW': 0.019643878966285916, 'IOU_THRESHOLD': 0.1, 'MAX_AGE': 90, 'MIN_HITS': 5, 'INERTIA': 0.2634858864579375, 'DELTA_T': 3, 'MAX_GAP': 22}
2026-02-11 17:42:19,183 [INFO] partials: 0.880 seconds.
2026-02-11 17:42:19,191 [INFO] mergeOverall: 0.888 seconds.
2026-02-11 17:42:19,193 [INFO] Trial 7: Score=0.2795 | MOTA=0.1373 | IDF1=0.4216 | IDsw=960.0 | Params={'CONFIDENCE_THRESHOLD': 0.33899965241310537, 'CONFIDENCE_LOW': 0.019643878966285916, 'IOU_THRESHOLD': 0.1, 'MAX_AGE': 90, 'MIN_HITS': 5, 'INERTIA': 0.2634858864579375, 'DELTA_T': 3, 'MAX_GAP': 22}
2026-02-11 18:00:39,995 [INFO] partials: 0.681 seconds.
2026-02-11 18:00:40,004 [INFO] mergeOverall: 0.690 seconds.
2026-02-11 18:00:40,006 [INFO] Trial 8: Score=0.2895 | MOTA=0.1539 | IDF1=0.4252 | IDsw=960.0 | Params={'CONFIDENCE_THRESHOLD': 0.33899965241310537, 'CONFIDENCE_LOW': 0.019643878966285916, 'IOU_THRESHOLD': 0.1, 'MAX_AGE': 90, 'MIN_HITS': 5, 'INERTIA': 0.2634858864579375, 'DELTA_T': 3, 'MAX_GAP': 19}
2026-02-11 18:16:46,609 [INFO] partials: 0.649 seconds.
2026-02-11 18:16:46,624 [INFO] mergeOverall: 0.664 seconds.
2026-02-11 18:16:46,626 [INFO] Trial 9: Score=0.3029 | MOTA=0.1783 | IDF1=0.4275 | IDsw=855.0 | Params={'CONFIDENCE_THRESHOLD': 0.33899965241310537, 'CONFIDENCE_LOW': 0.019643878966285916, 'IOU_THRESHOLD': 0.17228710914021336, 'MAX_AGE': 90, 'MIN_HITS': 5, 'INERTIA': 0.2634858864579375, 'DELTA_T': 3, 'MAX_GAP': 19}
2026-02-11 18:34:06,908 [INFO] partials: 0.759 seconds.
2026-02-11 18:34:06,915 [INFO] mergeOverall: 0.766 seconds.
2026-02-11 18:34:06,917 [INFO] Trial 10: Score=0.3391 | MOTA=0.2361 | IDF1=0.4422 | IDsw=702.0 | Params={'CONFIDENCE_THRESHOLD': 0.33899965241310537, 'CONFIDENCE_LOW': 0.033114350816269934, 'IOU_THRESHOLD': 0.17228710914021336, 'MAX_AGE': 90, 'MIN_HITS': 5, 'INERTIA': 0.2634858864579375, 'DELTA_T': 3, 'MAX_GAP': 19}
2026-02-11 18:51:33,705 [INFO] partials: 0.802 seconds.
2026-02-11 18:51:33,718 [INFO] mergeOverall: 0.815 seconds.
2026-02-11 18:51:33,720 [INFO] Trial 11: Score=0.3307 | MOTA=0.2044 | IDF1=0.4569 | IDsw=783.0 | Params={'CONFIDENCE_THRESHOLD': 0.3, 'CONFIDENCE_LOW': 0.033114350816269934, 'IOU_THRESHOLD': 0.17228710914021336, 'MAX_AGE': 90, 'MIN_HITS': 5, 'INERTIA': 0.2634858864579375, 'DELTA_T': 3, 'MAX_GAP': 19}
2026-02-11 19:07:37,833 [INFO] partials: 0.590 seconds.
2026-02-11 19:07:37,838 [INFO] mergeOverall: 0.595 seconds.
2026-02-11 19:07:37,840 [INFO] Trial 12: Score=0.3306 | MOTA=0.2043 | IDF1=0.4569 | IDsw=786.0 | Params={'CONFIDENCE_THRESHOLD': 0.3, 'CONFIDENCE_LOW': 0.033114350816269934, 'IOU_THRESHOLD': 0.17228710914021336, 'MAX_AGE': 102, 'MIN_HITS': 5, 'INERTIA': 0.2634858864579375, 'DELTA_T': 3, 'MAX_GAP': 19}
2026-02-11 19:22:38,867 [INFO] partials: 0.536 seconds.
2026-02-11 19:22:38,874 [INFO] mergeOverall: 0.543 seconds.
2026-02-11 19:22:38,876 [INFO] Trial 13: Score=0.3306 | MOTA=0.2043 | IDF1=0.4569 | IDsw=786.0 | Params={'CONFIDENCE_THRESHOLD': 0.3, 'CONFIDENCE_LOW': 0.033114350816269934, 'IOU_THRESHOLD': 0.17228710914021336, 'MAX_AGE': 102, 'MIN_HITS': 5, 'INERTIA': 0.2634858864579375, 'DELTA_T': 3, 'MAX_GAP': 19}
2026-02-11 19:37:23,162 [INFO] partials: 0.877 seconds.
2026-02-11 19:37:23,169 [INFO] mergeOverall: 0.885 seconds.
2026-02-11 19:37:23,171 [INFO] Trial 14: Score=0.2357 | MOTA=0.0500 | IDF1=0.4215 | IDsw=930.0 | Params={'CONFIDENCE_THRESHOLD': 0.3, 'CONFIDENCE_LOW': 0.01, 'IOU_THRESHOLD': 0.17228710914021336, 'MAX_AGE': 102, 'MIN_HITS': 5, 'INERTIA': 0.2634858864579375, 'DELTA_T': 3, 'MAX_GAP': 19}
2026-02-11 19:52:12,382 [INFO] partials: 0.834 seconds.
2026-02-11 19:52:12,391 [INFO] mergeOverall: 0.842 seconds.
2026-02-11 19:52:12,392 [INFO] Trial 15: Score=0.2357 | MOTA=0.0500 | IDF1=0.4215 | IDsw=930.0 | Params={'CONFIDENCE_THRESHOLD': 0.3, 'CONFIDENCE_LOW': 0.01, 'IOU_THRESHOLD': 0.17228710914021336, 'MAX_AGE': 102, 'MIN_HITS': 5, 'INERTIA': 0.2634858864579375, 'DELTA_T': 3, 'MAX_GAP': 19}
2026-02-11 20:07:54,121 [INFO] partials: 0.864 seconds.
2026-02-11 20:07:54,127 [INFO] mergeOverall: 0.870 seconds.
2026-02-11 20:07:54,129 [INFO] Trial 16: Score=0.2152 | MOTA=0.0161 | IDF1=0.4143 | IDsw=972.0 | Params={'CONFIDENCE_THRESHOLD': 0.3, 'CONFIDENCE_LOW': 0.01, 'IOU_THRESHOLD': 0.17228710914021336, 'MAX_AGE': 102, 'MIN_HITS': 4, 'INERTIA': 0.2634858864579375, 'DELTA_T': 3, 'MAX_GAP': 19}
2026-02-11 20:22:18,546 [INFO] partials: 0.622 seconds.
2026-02-11 20:22:18,550 [INFO] mergeOverall: 0.626 seconds.
2026-02-11 20:22:18,551 [INFO] Trial 17: Score=0.2322 | MOTA=0.0625 | IDF1=0.4019 | IDsw=900.0 | Params={'CONFIDENCE_THRESHOLD': 0.3, 'CONFIDENCE_LOW': 0.01, 'IOU_THRESHOLD': 0.27854037702928075, 'MAX_AGE': 102, 'MIN_HITS': 4, 'INERTIA': 0.2634858864579375, 'DELTA_T': 3, 'MAX_GAP': 19}
2026-02-11 20:37:06,385 [INFO] partials: 0.584 seconds.
2026-02-11 20:37:06,391 [INFO] mergeOverall: 0.590 seconds.
2026-02-11 20:37:06,393 [INFO] Trial 18: Score=0.3781 | MOTA=0.2936 | IDF1=0.4626 | IDsw=627.0 | Params={'CONFIDENCE_THRESHOLD': 0.3, 'CONFIDENCE_LOW': 0.060352496195713326, 'IOU_THRESHOLD': 0.27854037702928075, 'MAX_AGE': 102, 'MIN_HITS': 4, 'INERTIA': 0.2634858864579375, 'DELTA_T': 3, 'MAX_GAP': 19}
2026-02-11 20:52:26,817 [INFO] partials: 0.726 seconds.
2026-02-11 20:52:26,828 [INFO] mergeOverall: 0.737 seconds.
2026-02-11 20:52:26,830 [INFO] Trial 19: Score=0.3763 | MOTA=0.2926 | IDF1=0.4600 | IDsw=633.0 | Params={'CONFIDENCE_THRESHOLD': 0.3, 'CONFIDENCE_LOW': 0.060352496195713326, 'IOU_THRESHOLD': 0.27854037702928075, 'MAX_AGE': 118, 'MIN_HITS': 4, 'INERTIA': 0.2634858864579375, 'DELTA_T': 3, 'MAX_GAP': 19}
2026-02-11 21:07:34,732 [INFO] partials: 0.603 seconds.
2026-02-11 21:07:34,737 [INFO] mergeOverall: 0.609 seconds.
2026-02-11 21:07:34,739 [INFO] Trial 20: Score=0.3763 | MOTA=0.2926 | IDF1=0.4600 | IDsw=633.0 | Params={'CONFIDENCE_THRESHOLD': 0.3, 'CONFIDENCE_LOW': 0.060352496195713326, 'IOU_THRESHOLD': 0.27854037702928075, 'MAX_AGE': 118, 'MIN_HITS': 4, 'INERTIA': 0.2634858864579375, 'DELTA_T': 3, 'MAX_GAP': 19}
2026-02-11 21:23:01,200 [INFO] partials: 0.800 seconds.
2026-02-11 21:23:01,235 [INFO] mergeOverall: 0.835 seconds.
2026-02-11 21:23:01,236 [INFO] Trial 21: Score=0.3764 | MOTA=0.2919 | IDF1=0.4608 | IDsw=630.0 | Params={'CONFIDENCE_THRESHOLD': 0.3, 'CONFIDENCE_LOW': 0.060352496195713326, 'IOU_THRESHOLD': 0.27854037702928075, 'MAX_AGE': 118, 'MIN_HITS': 4, 'INERTIA': 0.23815285046660772, 'DELTA_T': 3, 'MAX_GAP': 19}
2026-02-11 21:38:34,512 [INFO] partials: 0.696 seconds.
2026-02-11 21:38:34,523 [INFO] mergeOverall: 0.707 seconds.
2026-02-11 21:38:34,526 [INFO] Trial 22: Score=0.3698 | MOTA=0.2811 | IDF1=0.4586 | IDsw=633.0 | Params={'CONFIDENCE_THRESHOLD': 0.3, 'CONFIDENCE_LOW': 0.060352496195713326, 'IOU_THRESHOLD': 0.27854037702928075, 'MAX_AGE': 118, 'MIN_HITS': 4, 'INERTIA': 0.23815285046660772, 'DELTA_T': 3, 'MAX_GAP': 22}
2026-02-11 21:54:59,660 [INFO] partials: 0.577 seconds.
2026-02-11 21:54:59,666 [INFO] mergeOverall: 0.583 seconds.
2026-02-11 21:54:59,667 [INFO] Trial 23: Score=0.3727 | MOTA=0.2798 | IDF1=0.4655 | IDsw=690.0 | Params={'CONFIDENCE_THRESHOLD': 0.3110596468064392, 'CONFIDENCE_LOW': 0.060352496195713326, 'IOU_THRESHOLD': 0.27854037702928075, 'MAX_AGE': 118, 'MIN_HITS': 4, 'INERTIA': 0.23815285046660772, 'DELTA_T': 3, 'MAX_GAP': 22}
2026-02-11 22:10:15,081 [INFO] partials: 0.613 seconds.
2026-02-11 22:10:15,090 [INFO] mergeOverall: 0.623 seconds.
2026-02-11 22:10:15,092 [INFO] Trial 24: Score=0.3749 | MOTA=0.2856 | IDF1=0.4643 | IDsw=669.0 | Params={'CONFIDENCE_THRESHOLD': 0.3110596468064392, 'CONFIDENCE_LOW': 0.060352496195713326, 'IOU_THRESHOLD': 0.2910017128460545, 'MAX_AGE': 118, 'MIN_HITS': 4, 'INERTIA': 0.23815285046660772, 'DELTA_T': 3, 'MAX_GAP': 22}
2026-02-11 22:25:22,618 [INFO] partials: 0.762 seconds.
2026-02-11 22:25:22,655 [INFO] mergeOverall: 0.800 seconds.
2026-02-11 22:25:22,657 [INFO] Trial 25: Score=0.3749 | MOTA=0.2856 | IDF1=0.4643 | IDsw=669.0 | Params={'CONFIDENCE_THRESHOLD': 0.3110596468064392, 'CONFIDENCE_LOW': 0.060352496195713326, 'IOU_THRESHOLD': 0.2910017128460545, 'MAX_AGE': 118, 'MIN_HITS': 4, 'INERTIA': 0.23815285046660772, 'DELTA_T': 4, 'MAX_GAP': 22}
2026-02-11 22:40:39,007 [INFO] partials: 0.715 seconds.
2026-02-11 22:40:39,037 [INFO] mergeOverall: 0.745 seconds.
2026-02-11 22:40:39,040 [INFO] Trial 26: Score=0.3749 | MOTA=0.2856 | IDF1=0.4643 | IDsw=669.0 | Params={'CONFIDENCE_THRESHOLD': 0.3110596468064392, 'CONFIDENCE_LOW': 0.060352496195713326, 'IOU_THRESHOLD': 0.2910017128460545, 'MAX_AGE': 118, 'MIN_HITS': 4, 'INERTIA': 0.23815285046660772, 'DELTA_T': 3, 'MAX_GAP': 22}
2026-02-11 22:55:49,924 [INFO] partials: 0.774 seconds.
2026-02-11 22:55:49,933 [INFO] mergeOverall: 0.783 seconds.
2026-02-11 22:55:50,071 [INFO] Trial 27: Score=0.3581 | MOTA=0.2675 | IDF1=0.4486 | IDsw=687.0 | Params={'CONFIDENCE_THRESHOLD': 0.3110596468064392, 'CONFIDENCE_LOW': 0.051736829370489505, 'IOU_THRESHOLD': 0.2910017128460545, 'MAX_AGE': 118, 'MIN_HITS': 4, 'INERTIA': 0.23815285046660772, 'DELTA_T': 3, 'MAX_GAP': 22}
2026-02-11 23:11:15,396 [INFO] partials: 0.688 seconds.
2026-02-11 23:11:15,405 [INFO] mergeOverall: 0.697 seconds.
2026-02-11 23:11:15,407 [INFO] Trial 28: Score=0.3650 | MOTA=0.2750 | IDF1=0.4550 | IDsw=687.0 | Params={'CONFIDENCE_THRESHOLD': 0.3110596468064392, 'CONFIDENCE_LOW': 0.051736829370489505, 'IOU_THRESHOLD': 0.2910017128460545, 'MAX_AGE': 118, 'MIN_HITS': 4, 'INERTIA': 0.28329171242936085, 'DELTA_T': 3, 'MAX_GAP': 22}
2026-02-11 23:26:05,222 [INFO] partials: 0.510 seconds.
2026-02-11 23:26:05,226 [INFO] mergeOverall: 0.515 seconds.
2026-02-11 23:26:05,227 [INFO] Trial 29: Score=0.3638 | MOTA=0.2750 | IDF1=0.4527 | IDsw=669.0 | Params={'CONFIDENCE_THRESHOLD': 0.3110596468064392, 'CONFIDENCE_LOW': 0.051736829370489505, 'IOU_THRESHOLD': 0.2910017128460545, 'MAX_AGE': 118, 'MIN_HITS': 4, 'INERTIA': 0.22635512178696962, 'DELTA_T': 3, 'MAX_GAP': 22}
2026-02-11 23:41:08,251 [INFO] partials: 0.753 seconds.
2026-02-11 23:41:08,258 [INFO] mergeOverall: 0.760 seconds.
2026-02-11 23:41:08,260 [INFO] Trial 30: Score=0.3412 | MOTA=0.2365 | IDF1=0.4460 | IDsw=705.0 | Params={'CONFIDENCE_THRESHOLD': 0.3110596468064392, 'CONFIDENCE_LOW': 0.04211650924764793, 'IOU_THRESHOLD': 0.2910017128460545, 'MAX_AGE': 118, 'MIN_HITS': 4, 'INERTIA': 0.22635512178696962, 'DELTA_T': 3, 'MAX_GAP': 22}
2026-02-11 23:56:01,234 [INFO] partials: 0.763 seconds.
2026-02-11 23:56:01,244 [INFO] mergeOverall: 0.773 seconds.
2026-02-11 23:56:01,247 [INFO] Trial 31: Score=0.3435 | MOTA=0.2345 | IDF1=0.4525 | IDsw=741.0 | Params={'CONFIDENCE_THRESHOLD': 0.3110596468064392, 'CONFIDENCE_LOW': 0.04211650924764793, 'IOU_THRESHOLD': 0.219916060160515, 'MAX_AGE': 118, 'MIN_HITS': 4, 'INERTIA': 0.22635512178696962, 'DELTA_T': 3, 'MAX_GAP': 22}
2026-02-12 00:10:24,969 [INFO] partials: 0.824 seconds.
2026-02-12 00:10:24,984 [INFO] mergeOverall: 0.839 seconds.
2026-02-12 00:10:24,988 [INFO] Trial 32: Score=0.3182 | MOTA=0.1998 | IDF1=0.4365 | IDsw=759.0 | Params={'CONFIDENCE_THRESHOLD': 0.3110596468064392, 'CONFIDENCE_LOW': 0.03257135682386101, 'IOU_THRESHOLD': 0.219916060160515, 'MAX_AGE': 118, 'MIN_HITS': 4, 'INERTIA': 0.22635512178696962, 'DELTA_T': 3, 'MAX_GAP': 22}
2026-02-12 00:26:15,825 [INFO] partials: 0.793 seconds.
2026-02-12 00:26:15,833 [INFO] mergeOverall: 0.801 seconds.
2026-02-12 00:26:15,839 [INFO] Trial 33: Score=0.3167 | MOTA=0.1998 | IDF1=0.4335 | IDsw=759.0 | Params={'CONFIDENCE_THRESHOLD': 0.3110596468064392, 'CONFIDENCE_LOW': 0.03257135682386101, 'IOU_THRESHOLD': 0.219916060160515, 'MAX_AGE': 118, 'MIN_HITS': 4, 'INERTIA': 0.23767211919131467, 'DELTA_T': 3, 'MAX_GAP': 22}
2026-02-12 00:41:15,788 [INFO] partials: 0.744 seconds.
2026-02-12 00:41:15,808 [INFO] mergeOverall: 0.764 seconds.
2026-02-12 00:41:15,812 [INFO] Trial 34: Score=0.3167 | MOTA=0.1998 | IDF1=0.4335 | IDsw=759.0 | Params={'CONFIDENCE_THRESHOLD': 0.3110596468064392, 'CONFIDENCE_LOW': 0.03257135682386101, 'IOU_THRESHOLD': 0.219916060160515, 'MAX_AGE': 118, 'MIN_HITS': 4, 'INERTIA': 0.23767211919131467, 'DELTA_T': 2, 'MAX_GAP': 22}
2026-02-12 00:55:49,181 [INFO] partials: 0.826 seconds.
2026-02-12 00:55:49,191 [INFO] mergeOverall: 0.835 seconds.
2026-02-12 00:55:49,194 [INFO] Trial 35: Score=0.3167 | MOTA=0.1998 | IDF1=0.4335 | IDsw=759.0 | Params={'CONFIDENCE_THRESHOLD': 0.3110596468064392, 'CONFIDENCE_LOW': 0.03257135682386101, 'IOU_THRESHOLD': 0.219916060160515, 'MAX_AGE': 118, 'MIN_HITS': 4, 'INERTIA': 0.23767211919131467, 'DELTA_T': 2, 'MAX_GAP': 22}
2026-02-12 01:10:30,924 [INFO] partials: 0.828 seconds.
2026-02-12 01:10:30,941 [INFO] mergeOverall: 0.845 seconds.
2026-02-12 01:10:30,944 [INFO] Trial 36: Score=0.3081 | MOTA=0.1853 | IDF1=0.4309 | IDsw=753.0 | Params={'CONFIDENCE_THRESHOLD': 0.3110596468064392, 'CONFIDENCE_LOW': 0.03257135682386101, 'IOU_THRESHOLD': 0.219916060160515, 'MAX_AGE': 118, 'MIN_HITS': 4, 'INERTIA': 0.23767211919131467, 'DELTA_T': 2, 'MAX_GAP': 28}
2026-02-12 01:25:49,126 [INFO] partials: 0.806 seconds.
2026-02-12 01:25:49,133 [INFO] mergeOverall: 0.813 seconds.
2026-02-12 01:25:49,136 [INFO] Trial 37: Score=0.3085 | MOTA=0.1854 | IDF1=0.4317 | IDsw=744.0 | Params={'CONFIDENCE_THRESHOLD': 0.3110596468064392, 'CONFIDENCE_LOW': 0.03257135682386101, 'IOU_THRESHOLD': 0.219916060160515, 'MAX_AGE': 118, 'MIN_HITS': 4, 'INERTIA': 0.23767211919131467, 'DELTA_T': 2, 'MAX_GAP': 29}
2026-02-12 01:41:24,641 [INFO] partials: 0.924 seconds.
2026-02-12 01:41:24,653 [INFO] mergeOverall: 0.936 seconds.
2026-02-12 01:41:24,657 [INFO] Trial 38: Score=0.3085 | MOTA=0.1854 | IDF1=0.4317 | IDsw=744.0 | Params={'CONFIDENCE_THRESHOLD': 0.3110596468064392, 'CONFIDENCE_LOW': 0.03257135682386101, 'IOU_THRESHOLD': 0.219916060160515, 'MAX_AGE': 118, 'MIN_HITS': 4, 'INERTIA': 0.23767211919131467, 'DELTA_T': 1, 'MAX_GAP': 29}
2026-02-12 01:56:04,131 [INFO] partials: 0.710 seconds.
2026-02-12 01:56:04,137 [INFO] mergeOverall: 0.716 seconds.
2026-02-12 01:56:04,139 [INFO] Trial 39: Score=0.3036 | MOTA=0.1776 | IDF1=0.4297 | IDsw=744.0 | Params={'CONFIDENCE_THRESHOLD': 0.3110596468064392, 'CONFIDENCE_LOW': 0.03257135682386101, 'IOU_THRESHOLD': 0.219916060160515, 'MAX_AGE': 118, 'MIN_HITS': 4, 'INERTIA': 0.23767211919131467, 'DELTA_T': 1, 'MAX_GAP': 32}
2026-02-12 02:10:55,729 [INFO] partials: 0.606 seconds.
2026-02-12 02:10:55,734 [INFO] mergeOverall: 0.610 seconds.
2026-02-12 02:10:55,735 [INFO] Trial 40: Score=0.3036 | MOTA=0.1776 | IDF1=0.4297 | IDsw=744.0 | Params={'CONFIDENCE_THRESHOLD': 0.3110596468064392, 'CONFIDENCE_LOW': 0.03257135682386101, 'IOU_THRESHOLD': 0.219916060160515, 'MAX_AGE': 120, 'MIN_HITS': 4, 'INERTIA': 0.23767211919131467, 'DELTA_T': 1, 'MAX_GAP': 32}
2026-02-12 02:25:05,885 [INFO] partials: 0.782 seconds.
2026-02-12 02:25:05,897 [INFO] mergeOverall: 0.794 seconds.
2026-02-12 02:25:05,901 [INFO] Trial 41: Score=0.2817 | MOTA=0.1403 | IDF1=0.4232 | IDsw=816.0 | Params={'CONFIDENCE_THRESHOLD': 0.3110596468064392, 'CONFIDENCE_LOW': 0.03257135682386101, 'IOU_THRESHOLD': 0.219916060160515, 'MAX_AGE': 120, 'MIN_HITS': 3, 'INERTIA': 0.23767211919131467, 'DELTA_T': 1, 'MAX_GAP': 32}
2026-02-12 02:38:20,128 [INFO] partials: 0.529 seconds.
2026-02-12 02:38:20,132 [INFO] mergeOverall: 0.533 seconds.
2026-02-12 02:38:20,133 [INFO] Trial 42: Score=0.2817 | MOTA=0.1403 | IDF1=0.4232 | IDsw=816.0 | Params={'CONFIDENCE_THRESHOLD': 0.3110596468064392, 'CONFIDENCE_LOW': 0.03257135682386101, 'IOU_THRESHOLD': 0.219916060160515, 'MAX_AGE': 120, 'MIN_HITS': 3, 'INERTIA': 0.23767211919131467, 'DELTA_T': 2, 'MAX_GAP': 32}
2026-02-12 02:50:51,843 [INFO] partials: 0.713 seconds.
2026-02-12 02:50:51,847 [INFO] mergeOverall: 0.717 seconds.
2026-02-12 02:50:51,849 [INFO] Trial 43: Score=0.3124 | MOTA=0.1957 | IDF1=0.4290 | IDsw=804.0 | Params={'CONFIDENCE_THRESHOLD': 0.37205724411702107, 'CONFIDENCE_LOW': 0.03257135682386101, 'IOU_THRESHOLD': 0.219916060160515, 'MAX_AGE': 120, 'MIN_HITS': 3, 'INERTIA': 0.23767211919131467, 'DELTA_T': 2, 'MAX_GAP': 32}
2026-02-12 03:03:51,395 [INFO] partials: 0.551 seconds.
2026-02-12 03:03:51,435 [INFO] mergeOverall: 0.591 seconds.
2026-02-12 03:03:51,436 [INFO] Trial 44: Score=0.3124 | MOTA=0.1957 | IDF1=0.4290 | IDsw=804.0 | Params={'CONFIDENCE_THRESHOLD': 0.37205724411702107, 'CONFIDENCE_LOW': 0.03257135682386101, 'IOU_THRESHOLD': 0.219916060160515, 'MAX_AGE': 120, 'MIN_HITS': 3, 'INERTIA': 0.23767211919131467, 'DELTA_T': 2, 'MAX_GAP': 32}
2026-02-12 03:17:12,289 [INFO] partials: 0.489 seconds.
2026-02-12 03:17:12,295 [INFO] mergeOverall: 0.495 seconds.
2026-02-12 03:17:12,296 [INFO] Trial 45: Score=0.3124 | MOTA=0.1957 | IDF1=0.4290 | IDsw=804.0 | Params={'CONFIDENCE_THRESHOLD': 0.37205724411702107, 'CONFIDENCE_LOW': 0.03257135682386101, 'IOU_THRESHOLD': 0.219916060160515, 'MAX_AGE': 120, 'MIN_HITS': 3, 'INERTIA': 0.23767211919131467, 'DELTA_T': 2, 'MAX_GAP': 32}
2026-02-12 03:32:14,500 [INFO] partials: 0.794 seconds.
2026-02-12 03:32:14,506 [INFO] mergeOverall: 0.800 seconds.
2026-02-12 03:32:14,508 [INFO] Trial 46: Score=0.2624 | MOTA=0.1125 | IDF1=0.4123 | IDsw=849.0 | Params={'CONFIDENCE_THRESHOLD': 0.3034050363256257, 'CONFIDENCE_LOW': 0.03257135682386101, 'IOU_THRESHOLD': 0.219916060160515, 'MAX_AGE': 120, 'MIN_HITS': 3, 'INERTIA': 0.23767211919131467, 'DELTA_T': 2, 'MAX_GAP': 32}
2026-02-12 03:46:19,128 [INFO] partials: 0.589 seconds.
2026-02-12 03:46:19,131 [INFO] mergeOverall: 0.593 seconds.
2026-02-12 03:46:19,133 [INFO] Trial 47: Score=0.2816 | MOTA=0.1411 | IDF1=0.4222 | IDsw=825.0 | Params={'CONFIDENCE_THRESHOLD': 0.312426593019574, 'CONFIDENCE_LOW': 0.03257135682386101, 'IOU_THRESHOLD': 0.219916060160515, 'MAX_AGE': 120, 'MIN_HITS': 3, 'INERTIA': 0.23767211919131467, 'DELTA_T': 2, 'MAX_GAP': 32}
2026-02-12 04:00:27,067 [INFO] partials: 0.573 seconds.
2026-02-12 04:00:27,072 [INFO] mergeOverall: 0.578 seconds.
2026-02-12 04:00:27,073 [INFO] Trial 48: Score=0.2561 | MOTA=0.0995 | IDF1=0.4127 | IDsw=876.0 | Params={'CONFIDENCE_THRESHOLD': 0.3, 'CONFIDENCE_LOW': 0.03257135682386101, 'IOU_THRESHOLD': 0.219916060160515, 'MAX_AGE': 120, 'MIN_HITS': 3, 'INERTIA': 0.23767211919131467, 'DELTA_T': 2, 'MAX_GAP': 32}
2026-02-12 04:14:29,805 [INFO] partials: 0.753 seconds.
2026-02-12 04:14:29,812 [INFO] mergeOverall: 0.760 seconds.
2026-02-12 04:14:29,818 [INFO] Trial 49: Score=0.2790 | MOTA=0.1384 | IDF1=0.4196 | IDsw=759.0 | Params={'CONFIDENCE_THRESHOLD': 0.3, 'CONFIDENCE_LOW': 0.03257135682386101, 'IOU_THRESHOLD': 0.219916060160515, 'MAX_AGE': 120, 'MIN_HITS': 4, 'INERTIA': 0.23767211919131467, 'DELTA_T': 2, 'MAX_GAP': 32}
2026-02-12 04:28:59,747 [INFO] partials: 0.741 seconds.
2026-02-12 04:28:59,755 [INFO] mergeOverall: 0.748 seconds.
2026-02-12 04:28:59,757 [INFO] Trial 50: Score=0.2790 | MOTA=0.1384 | IDF1=0.4196 | IDsw=759.0 | Params={'CONFIDENCE_THRESHOLD': 0.3, 'CONFIDENCE_LOW': 0.03257135682386101, 'IOU_THRESHOLD': 0.219916060160515, 'MAX_AGE': 120, 'MIN_HITS': 4, 'INERTIA': 0.23767211919131467, 'DELTA_T': 2, 'MAX_GAP': 32}
2026-02-12 04:44:36,197 [INFO] partials: 0.657 seconds.
2026-02-12 04:44:36,206 [INFO] mergeOverall: 0.665 seconds.
2026-02-12 04:44:36,208 [INFO] Trial 51: Score=0.2759 | MOTA=0.1347 | IDF1=0.4170 | IDsw=783.0 | Params={'CONFIDENCE_THRESHOLD': 0.3, 'CONFIDENCE_LOW': 0.03257135682386101, 'IOU_THRESHOLD': 0.219916060160515, 'MAX_AGE': 120, 'MIN_HITS': 4, 'INERTIA': 0.26446284954882177, 'DELTA_T': 2, 'MAX_GAP': 32}
2026-02-12 04:59:59,399 [INFO] partials: 0.574 seconds.
2026-02-12 04:59:59,405 [INFO] mergeOverall: 0.580 seconds.
2026-02-12 04:59:59,407 [INFO] Trial 52: Score=0.2801 | MOTA=0.1412 | IDF1=0.4190 | IDsw=789.0 | Params={'CONFIDENCE_THRESHOLD': 0.30064889251163607, 'CONFIDENCE_LOW': 0.03257135682386101, 'IOU_THRESHOLD': 0.219916060160515, 'MAX_AGE': 120, 'MIN_HITS': 4, 'INERTIA': 0.26446284954882177, 'DELTA_T': 2, 'MAX_GAP': 32}
2026-02-12 05:15:45,560 [INFO] partials: 0.718 seconds.
2026-02-12 05:15:45,568 [INFO] mergeOverall: 0.726 seconds.
2026-02-12 05:15:45,570 [INFO] Trial 53: Score=0.2759 | MOTA=0.1347 | IDF1=0.4170 | IDsw=783.0 | Params={'CONFIDENCE_THRESHOLD': 0.3, 'CONFIDENCE_LOW': 0.03257135682386101, 'IOU_THRESHOLD': 0.219916060160515, 'MAX_AGE': 120, 'MIN_HITS': 4, 'INERTIA': 0.26446284954882177, 'DELTA_T': 2, 'MAX_GAP': 32}
2026-02-12 05:32:15,871 [INFO] partials: 0.829 seconds.
2026-02-12 05:32:15,886 [INFO] mergeOverall: 0.844 seconds.
2026-02-12 05:32:15,887 [INFO] Trial 54: Score=0.2759 | MOTA=0.1191 | IDF1=0.4326 | IDsw=822.0 | Params={'CONFIDENCE_THRESHOLD': 0.3, 'CONFIDENCE_LOW': 0.03257135682386101, 'IOU_THRESHOLD': 0.15534888450795253, 'MAX_AGE': 120, 'MIN_HITS': 4, 'INERTIA': 0.26446284954882177, 'DELTA_T': 2, 'MAX_GAP': 32}
2026-02-12 05:48:39,750 [INFO] partials: 0.740 seconds.
2026-02-12 05:48:39,755 [INFO] mergeOverall: 0.745 seconds.
2026-02-12 05:48:39,757 [INFO] Trial 55: Score=0.2759 | MOTA=0.1191 | IDF1=0.4326 | IDsw=822.0 | Params={'CONFIDENCE_THRESHOLD': 0.3, 'CONFIDENCE_LOW': 0.03257135682386101, 'IOU_THRESHOLD': 0.15534888450795253, 'MAX_AGE': 120, 'MIN_HITS': 4, 'INERTIA': 0.26446284954882177, 'DELTA_T': 1, 'MAX_GAP': 32}
2026-02-12 06:04:51,720 [INFO] partials: 0.670 seconds.
2026-02-12 06:04:51,724 [INFO] mergeOverall: 0.675 seconds.
2026-02-12 06:04:51,726 [INFO] Trial 56: Score=0.2760 | MOTA=0.1153 | IDF1=0.4367 | IDsw=810.0 | Params={'CONFIDENCE_THRESHOLD': 0.3, 'CONFIDENCE_LOW': 0.03257135682386101, 'IOU_THRESHOLD': 0.15534888450795253, 'MAX_AGE': 120, 'MIN_HITS': 4, 'INERTIA': 0.2977087925827058, 'DELTA_T': 1, 'MAX_GAP': 32}
2026-02-12 06:21:03,412 [INFO] partials: 0.743 seconds.
2026-02-12 06:21:03,523 [INFO] mergeOverall: 0.854 seconds.
2026-02-12 06:21:03,525 [INFO] Trial 57: Score=0.3068 | MOTA=0.1743 | IDF1=0.4394 | IDsw=696.0 | Params={'CONFIDENCE_THRESHOLD': 0.3, 'CONFIDENCE_LOW': 0.043968389654793924, 'IOU_THRESHOLD': 0.15534888450795253, 'MAX_AGE': 120, 'MIN_HITS': 4, 'INERTIA': 0.2977087925827058, 'DELTA_T': 1, 'MAX_GAP': 32}
2026-02-12 06:36:58,516 [INFO] partials: 0.893 seconds.
2026-02-12 06:36:58,522 [INFO] mergeOverall: 0.899 seconds.
2026-02-12 06:36:58,524 [INFO] Trial 58: Score=0.3068 | MOTA=0.1743 | IDF1=0.4394 | IDsw=696.0 | Params={'CONFIDENCE_THRESHOLD': 0.3, 'CONFIDENCE_LOW': 0.043968389654793924, 'IOU_THRESHOLD': 0.15534888450795253, 'MAX_AGE': 120, 'MIN_HITS': 4, 'INERTIA': 0.2977087925827058, 'DELTA_T': 1, 'MAX_GAP': 32}
2026-02-12 06:54:22,444 [INFO] partials: 0.946 seconds.
2026-02-12 06:54:22,488 [INFO] mergeOverall: 0.989 seconds.
2026-02-12 06:54:22,495 [INFO] Trial 59: Score=0.3068 | MOTA=0.1743 | IDF1=0.4394 | IDsw=696.0 | Params={'CONFIDENCE_THRESHOLD': 0.3, 'CONFIDENCE_LOW': 0.043968389654793924, 'IOU_THRESHOLD': 0.15534888450795253, 'MAX_AGE': 120, 'MIN_HITS': 4, 'INERTIA': 0.2977087925827058, 'DELTA_T': 1, 'MAX_GAP': 32}
2026-02-12 07:11:25,867 [INFO] partials: 0.905 seconds.
2026-02-12 07:11:25,877 [INFO] mergeOverall: 0.915 seconds.
2026-02-12 07:11:25,879 [INFO] Trial 60: Score=0.2952 | MOTA=0.1573 | IDF1=0.4331 | IDsw=771.0 | Params={'CONFIDENCE_THRESHOLD': 0.3, 'CONFIDENCE_LOW': 0.04185571046466315, 'IOU_THRESHOLD': 0.15534888450795253, 'MAX_AGE': 120, 'MIN_HITS': 4, 'INERTIA': 0.2977087925827058, 'DELTA_T': 1, 'MAX_GAP': 32}
2026-02-12 07:28:29,599 [INFO] partials: 0.856 seconds.
2026-02-12 07:28:29,616 [INFO] mergeOverall: 0.874 seconds.
2026-02-12 07:28:29,621 [INFO] Trial 61: Score=0.2919 | MOTA=0.1508 | IDF1=0.4330 | IDsw=786.0 | Params={'CONFIDENCE_THRESHOLD': 0.3, 'CONFIDENCE_LOW': 0.04185571046466315, 'IOU_THRESHOLD': 0.15534888450795253, 'MAX_AGE': 120, 'MIN_HITS': 4, 'INERTIA': 0.2977087925827058, 'DELTA_T': 1, 'MAX_GAP': 35}
2026-02-12 07:45:38,130 [INFO] partials: 0.690 seconds.
2026-02-12 07:45:38,137 [INFO] mergeOverall: 0.696 seconds.
2026-02-12 07:45:38,139 [INFO] Trial 62: Score=0.2972 | MOTA=0.1514 | IDF1=0.4431 | IDsw=861.0 | Params={'CONFIDENCE_THRESHOLD': 0.3, 'CONFIDENCE_LOW': 0.04185571046466315, 'IOU_THRESHOLD': 0.1320114190160518, 'MAX_AGE': 120, 'MIN_HITS': 4, 'INERTIA': 0.2977087925827058, 'DELTA_T': 1, 'MAX_GAP': 35}
2026-02-12 08:04:30,384 [INFO] partials: 0.895 seconds.
2026-02-12 08:04:30,407 [INFO] mergeOverall: 0.918 seconds.
2026-02-12 08:04:30,411 [INFO] Trial 63: Score=0.2744 | MOTA=0.1135 | IDF1=0.4352 | IDsw=891.0 | Params={'CONFIDENCE_THRESHOLD': 0.3, 'CONFIDENCE_LOW': 0.04185571046466315, 'IOU_THRESHOLD': 0.1320114190160518, 'MAX_AGE': 120, 'MIN_HITS': 3, 'INERTIA': 0.2977087925827058, 'DELTA_T': 1, 'MAX_GAP': 35}
2026-02-12 08:21:54,126 [INFO] partials: 0.750 seconds.
2026-02-12 08:21:54,144 [INFO] mergeOverall: 0.768 seconds.
2026-02-12 08:21:54,147 [INFO] Trial 64: Score=0.2744 | MOTA=0.1135 | IDF1=0.4352 | IDsw=891.0 | Params={'CONFIDENCE_THRESHOLD': 0.3, 'CONFIDENCE_LOW': 0.04185571046466315, 'IOU_THRESHOLD': 0.1320114190160518, 'MAX_AGE': 120, 'MIN_HITS': 3, 'INERTIA': 0.2977087925827058, 'DELTA_T': 1, 'MAX_GAP': 35}
2026-02-12 08:40:39,330 [INFO] partials: 0.822 seconds.
2026-02-12 08:40:39,337 [INFO] mergeOverall: 0.829 seconds.
2026-02-12 08:40:39,340 [INFO] Trial 65: Score=0.2567 | MOTA=0.0944 | IDF1=0.4191 | IDsw=888.0 | Params={'CONFIDENCE_THRESHOLD': 0.3, 'CONFIDENCE_LOW': 0.04185571046466315, 'IOU_THRESHOLD': 0.12478452142592289, 'MAX_AGE': 120, 'MIN_HITS': 3, 'INERTIA': 0.2977087925827058, 'DELTA_T': 1, 'MAX_GAP': 35}
2026-02-12 08:57:49,671 [INFO] partials: 0.652 seconds.
2026-02-12 08:57:49,675 [INFO] mergeOverall: 0.657 seconds.
2026-02-12 08:57:49,677 [INFO] Trial 66: Score=0.2590 | MOTA=0.0995 | IDF1=0.4184 | IDsw=903.0 | Params={'CONFIDENCE_THRESHOLD': 0.3, 'CONFIDENCE_LOW': 0.04185571046466315, 'IOU_THRESHOLD': 0.12478452142592289, 'MAX_AGE': 120, 'MIN_HITS': 3, 'INERTIA': 0.2977087925827058, 'DELTA_T': 1, 'MAX_GAP': 32}
2026-02-12 09:15:04,606 [INFO] partials: 0.919 seconds.
2026-02-12 09:15:04,629 [INFO] mergeOverall: 0.942 seconds.
2026-02-12 09:15:04,632 [INFO] Trial 67: Score=0.2590 | MOTA=0.0995 | IDF1=0.4184 | IDsw=903.0 | Params={'CONFIDENCE_THRESHOLD': 0.3, 'CONFIDENCE_LOW': 0.04185571046466315, 'IOU_THRESHOLD': 0.12478452142592289, 'MAX_AGE': 120, 'MIN_HITS': 3, 'INERTIA': 0.2977087925827058, 'DELTA_T': 2, 'MAX_GAP': 32}
2026-02-12 09:31:29,024 [INFO] partials: 0.861 seconds.
2026-02-12 09:31:29,030 [INFO] mergeOverall: 0.867 seconds.
2026-02-12 09:31:29,032 [INFO] Trial 68: Score=0.2590 | MOTA=0.0995 | IDF1=0.4184 | IDsw=903.0 | Params={'CONFIDENCE_THRESHOLD': 0.3, 'CONFIDENCE_LOW': 0.04185571046466315, 'IOU_THRESHOLD': 0.12478452142592289, 'MAX_AGE': 120, 'MIN_HITS': 3, 'INERTIA': 0.2977087925827058, 'DELTA_T': 1, 'MAX_GAP': 32}
2026-02-12 09:48:21,359 [INFO] partials: 0.818 seconds.
2026-02-12 09:48:21,369 [INFO] mergeOverall: 0.828 seconds.
2026-02-12 09:48:21,372 [INFO] Trial 69: Score=0.2567 | MOTA=0.0944 | IDF1=0.4191 | IDsw=888.0 | Params={'CONFIDENCE_THRESHOLD': 0.3, 'CONFIDENCE_LOW': 0.04185571046466315, 'IOU_THRESHOLD': 0.12478452142592289, 'MAX_AGE': 120, 'MIN_HITS': 3, 'INERTIA': 0.2977087925827058, 'DELTA_T': 1, 'MAX_GAP': 35}
2026-02-12 10:05:12,539 [INFO] partials: 0.821 seconds.
2026-02-12 10:05:12,553 [INFO] mergeOverall: 0.835 seconds.
2026-02-12 10:05:12,555 [INFO] Trial 70: Score=0.2567 | MOTA=0.0944 | IDF1=0.4191 | IDsw=888.0 | Params={'CONFIDENCE_THRESHOLD': 0.3, 'CONFIDENCE_LOW': 0.04185571046466315, 'IOU_THRESHOLD': 0.12478452142592289, 'MAX_AGE': 120, 'MIN_HITS': 3, 'INERTIA': 0.2977087925827058, 'DELTA_T': 2, 'MAX_GAP': 35}
2026-02-12 10:20:42,732 [INFO] partials: 0.798 seconds.
2026-02-12 10:20:42,741 [INFO] mergeOverall: 0.806 seconds.
2026-02-12 10:20:42,744 [INFO] Trial 71: Score=0.2555 | MOTA=0.0904 | IDF1=0.4207 | IDsw=873.0 | Params={'CONFIDENCE_THRESHOLD': 0.3, 'CONFIDENCE_LOW': 0.04185571046466315, 'IOU_THRESHOLD': 0.12478452142592289, 'MAX_AGE': 120, 'MIN_HITS': 3, 'INERTIA': 0.3102444293500581, 'DELTA_T': 2, 'MAX_GAP': 35}
2026-02-12 10:37:54,864 [INFO] partials: 0.961 seconds.
2026-02-12 10:37:54,878 [INFO] mergeOverall: 0.974 seconds.
2026-02-12 10:37:54,880 [INFO] Trial 72: Score=0.2555 | MOTA=0.0904 | IDF1=0.4207 | IDsw=873.0 | Params={'CONFIDENCE_THRESHOLD': 0.3, 'CONFIDENCE_LOW': 0.04185571046466315, 'IOU_THRESHOLD': 0.12478452142592289, 'MAX_AGE': 120, 'MIN_HITS': 3, 'INERTIA': 0.3102444293500581, 'DELTA_T': 2, 'MAX_GAP': 35}
2026-02-12 10:54:14,394 [INFO] partials: 0.616 seconds.
2026-02-12 10:54:14,400 [INFO] mergeOverall: 0.621 seconds.
2026-02-12 10:54:14,402 [INFO] Trial 73: Score=0.2571 | MOTA=0.0940 | IDF1=0.4203 | IDsw=885.0 | Params={'CONFIDENCE_THRESHOLD': 0.3, 'CONFIDENCE_LOW': 0.04185571046466315, 'IOU_THRESHOLD': 0.12478452142592289, 'MAX_AGE': 120, 'MIN_HITS': 3, 'INERTIA': 0.3102444293500581, 'DELTA_T': 2, 'MAX_GAP': 34}
2026-02-12 11:09:58,335 [INFO] partials: 0.690 seconds.
2026-02-12 11:09:58,346 [INFO] mergeOverall: 0.701 seconds.
2026-02-12 11:09:58,347 [INFO] Trial 74: Score=0.2557 | MOTA=0.0931 | IDF1=0.4183 | IDsw=897.0 | Params={'CONFIDENCE_THRESHOLD': 0.3, 'CONFIDENCE_LOW': 0.04185571046466315, 'IOU_THRESHOLD': 0.12478452142592289, 'MAX_AGE': 120, 'MIN_HITS': 3, 'INERTIA': 0.3160462351517987, 'DELTA_T': 2, 'MAX_GAP': 34}
2026-02-12 11:27:09,557 [INFO] partials: 0.713 seconds.
2026-02-12 11:27:09,564 [INFO] mergeOverall: 0.720 seconds.
2026-02-12 11:27:09,566 [INFO] Trial 75: Score=0.2557 | MOTA=0.0931 | IDF1=0.4183 | IDsw=897.0 | Params={'CONFIDENCE_THRESHOLD': 0.3, 'CONFIDENCE_LOW': 0.04185571046466315, 'IOU_THRESHOLD': 0.12478452142592289, 'MAX_AGE': 120, 'MIN_HITS': 3, 'INERTIA': 0.3160462351517987, 'DELTA_T': 2, 'MAX_GAP': 34}
